#! /c/Source/iverilog-install/bin/vvp
:ivl_version "12.0 (devel)" "(s20150603-1539-g2693dd32b)";
:ivl_delay_selection "TYPICAL";
:vpi_time_precision + 0;
:vpi_module "C:\iverilog\lib\ivl\system.vpi";
:vpi_module "C:\iverilog\lib\ivl\vhdl_sys.vpi";
:vpi_module "C:\iverilog\lib\ivl\vhdl_textio.vpi";
:vpi_module "C:\iverilog\lib\ivl\v2005_math.vpi";
:vpi_module "C:\iverilog\lib\ivl\va_math.vpi";
S_000002ca09f3cc00 .scope module, "cpu_testbench" "cpu_testbench" 2 3;
 .timescale 0 0;
v000002ca0a034040_0 .var "CLK", 0 0;
v000002ca0a034400_0 .var "RESET", 0 0;
S_000002ca09fcf160 .scope begin, "$ivl_for_loop0" "$ivl_for_loop0" 2 36, 2 36 0, S_000002ca09f3cc00;
 .timescale 0 0;
v000002ca09fbe8d0_0 .var/i "i", 31 0;
S_000002ca09f4cf50 .scope begin, "$ivl_for_loop1" "$ivl_for_loop1" 2 39, 2 39 0, S_000002ca09f3cc00;
 .timescale 0 0;
v000002ca09fbe470_0 .var/i "i", 31 0;
S_000002ca09f4d0e0 .scope module, "cpu_inst" "CPU" 2 8, 3 18 0, S_000002ca09f3cc00;
 .timescale 0 0;
    .port_info 0 /INPUT 1 "CLK";
    .port_info 1 /INPUT 1 "RESET";
v000002ca0a030d00_0 .net "ALURESULT", 31 0, v000002ca09fbe330_0;  1 drivers
v000002ca0a030940_0 .net "ALURESULT_EXOUT", 31 0, v000002ca0a01caf0_0;  1 drivers
v000002ca0a031160_0 .net "ALURESULT_MEMOUT", 31 0, v000002ca0a027fe0_0;  1 drivers
v000002ca0a032240_0 .net "ALU_OPCODE", 4 0, v000002ca0a029af0_0;  1 drivers
v000002ca0a030da0_0 .net "ALU_OPCODE_IDOUT", 4 0, v000002ca0a028e40_0;  1 drivers
v000002ca0a030800_0 .net "BRANCH", 0 0, v000002ca0a02ae50_0;  1 drivers
v000002ca0a031ac0_0 .net "BRANCH_IDOUT", 0 0, v000002ca0a028ee0_0;  1 drivers
v000002ca0a0309e0_0 .net "BUSYWAIT", 0 0, v000002ca0a029e10_0;  1 drivers
v000002ca0a032560_0 .net "CLK", 0 0, v000002ca0a034040_0;  1 drivers
v000002ca0a0308a0_0 .net "ControlUnitIMMEDIATESELECT", 1 0, v000002ca0a02a630_0;  1 drivers
v000002ca0a030760_0 .net "ControlUnitOFFSETGENARATOR", 1 0, v000002ca0a02b210_0;  1 drivers
v000002ca0a0321a0_0 .net "DATA1", 31 0, v000002ca0a032060_0;  1 drivers
v000002ca0a0322e0_0 .net "DATA1_IDOUT", 31 0, v000002ca0a028f80_0;  1 drivers
v000002ca0a031de0_0 .net "DATA2", 31 0, v000002ca0a032100_0;  1 drivers
v000002ca0a030a80_0 .net "DATA2_EXOUT", 31 0, v000002ca0a01c230_0;  1 drivers
v000002ca0a030b20_0 .net "DATA2_IDOUT", 31 0, v000002ca0a0292a0_0;  1 drivers
v000002ca0a031020_0 .net "DATA_OUT", 31 0, v000002ca0a029910_0;  1 drivers
v000002ca0a031f20_0 .net "Data1_MUX_OUT", 31 0, v000002ca0a01c050_0;  1 drivers
v000002ca0a031fc0_0 .net "Data2_MUX_OUT", 31 0, v000002ca0a01cc30_0;  1 drivers
v000002ca0a030e40_0 .net "FUNCT3_EXOUT", 2 0, v000002ca0a01d090_0;  1 drivers
v000002ca0a030ee0_0 .net "FUNCT3_IDOUT", 2 0, v000002ca0a0284e0_0;  1 drivers
v000002ca0a032380_0 .net "IMMEDIATESELECT", 1 0, v000002ca0a01c2d0_0;  1 drivers
v000002ca0a0317a0_0 .net "IMMEDIATESELECT_IDOUT", 1 0, v000002ca0a028c60_0;  1 drivers
v000002ca0a032420_0 .net "IMMEDIATE_TYPE", 2 0, v000002ca0a029f50_0;  1 drivers
v000002ca0a031660_0 .net "IMMEDIATE_VALUE", 31 0, v000002ca0a029a50_0;  1 drivers
v000002ca0a031200_0 .net "IMMEDIATE_VALUE_IDOUT", 31 0, v000002ca0a027680_0;  1 drivers
v000002ca0a0324c0_0 .net "INSTRUCTION", 31 0, v000002ca0a02a6d0_0;  1 drivers
v000002ca0a0313e0_0 .net "INSTRUCTION_OUT", 31 0, v000002ca0a027a40_0;  1 drivers
v000002ca0a031840_0 .net "JAL_IDOUT", 0 0, v000002ca0a028120_0;  1 drivers
v000002ca0a031d40_0 .net "JAL_MUX_OUT", 31 0, v000002ca0a027e00_0;  1 drivers
v000002ca0a031b60_0 .net "JUMP", 0 0, v000002ca0a02a310_0;  1 drivers
v000002ca0a030f80_0 .net "JUMPANDLINK", 0 0, v000002ca0a029d70_0;  1 drivers
v000002ca0a0312a0_0 .net "JUMP_IDOUT", 0 0, v000002ca0a0286c0_0;  1 drivers
v000002ca0a0306c0_0 .net "MEMORYACCESS", 0 0, v000002ca0a02a8b0_0;  1 drivers
v000002ca0a0310c0_0 .net "MEMORYACCESS_EXOUT", 0 0, v000002ca0a01b790_0;  1 drivers
v000002ca0a031340_0 .net "MEMORYACCESS_IDOUT", 0 0, v000002ca0a029340_0;  1 drivers
v000002ca0a031480_0 .net "MEMORYACCESS_MEMOUT", 0 0, v000002ca0a028440_0;  1 drivers
v000002ca0a031700_0 .net "MEMREAD", 0 0, v000002ca0a029690_0;  1 drivers
v000002ca0a031c00_0 .net "MEMREAD_EXOUT", 0 0, v000002ca0a01b830_0;  1 drivers
v000002ca0a034540_0 .net "MEMREAD_IDOUT", 0 0, v000002ca0a0293e0_0;  1 drivers
v000002ca0a0336e0_0 .net "MEMWRITE", 0 0, v000002ca0a02abd0_0;  1 drivers
v000002ca0a034ea0_0 .net "MEMWRITE_EXOUT", 0 0, v000002ca0a01bf10_0;  1 drivers
v000002ca0a034d60_0 .net "MEMWRITE_IDOUT", 0 0, v000002ca0a028bc0_0;  1 drivers
v000002ca0a033dc0_0 .net "OFFSETGENARATOR", 1 0, v000002ca0a01c190_0;  1 drivers
v000002ca0a0349a0_0 .net "OFFSETGENARATOR_IDOUT", 1 0, v000002ca0a027720_0;  1 drivers
v000002ca0a035260_0 .net "PCADDRESSCONTROLLER", 0 0, v000002ca09fbf5f0_0;  1 drivers
v000002ca0a034360_0 .net "PCOUT", 31 0, v000002ca0a02b350_0;  1 drivers
v000002ca0a033c80_0 .net "PC_IDOUT", 31 0, v000002ca0a027860_0;  1 drivers
v000002ca0a033f00_0 .net "PC_MUX_OUT", 31 0, v000002ca0a02af90_0;  1 drivers
v000002ca0a034180_0 .net "PC_OUT", 31 0, v000002ca0a027b80_0;  1 drivers
v000002ca0a033d20_0 .net "PC_PLUS_4", 31 0, L_000002ca0a0353a0;  1 drivers
v000002ca0a0345e0_0 .net "PC_PLUS_4_IDOUT", 31 0, v000002ca0a028a80_0;  1 drivers
v000002ca0a034a40_0 .net "PC_PLUS_4_OUT", 31 0, v000002ca0a027c20_0;  1 drivers
v000002ca0a034c20_0 .net "READDATA_MEMOUT", 31 0, v000002ca0a0289e0_0;  1 drivers
v000002ca0a0347c0_0 .net "RESET", 0 0, v000002ca0a034400_0;  1 drivers
v000002ca0a035120_0 .net "RS1", 4 0, L_000002ca0a035580;  1 drivers
v000002ca0a034900_0 .net "RS2", 4 0, L_000002ca0a0344a0;  1 drivers
v000002ca0a033fa0_0 .net "TARGETEDADDRESS", 31 0, v000002ca09fbf690_0;  1 drivers
v000002ca0a033820_0 .net "WRITEADDRESS_EXOUT", 4 0, v000002ca0a01d130_0;  1 drivers
v000002ca0a033e60_0 .net "WRITEADDRESS_IDOUT", 4 0, v000002ca0a029200_0;  1 drivers
v000002ca0a0354e0_0 .net "WRITEADDRESS_MEMOUT", 4 0, v000002ca0a028760_0;  1 drivers
v000002ca0a034cc0_0 .net "WRITEDATA", 31 0, v000002ca0a02b170_0;  1 drivers
v000002ca0a034220_0 .net "WRITEENABLE", 0 0, v000002ca0a02a950_0;  1 drivers
v000002ca0a0338c0_0 .net "WRITEENABLE_EXOUT", 0 0, v000002ca0a01c4b0_0;  1 drivers
v000002ca0a0342c0_0 .net "WRITEENABLE_IDOUT", 0 0, v000002ca0a029480_0;  1 drivers
v000002ca0a0351c0_0 .net "WRITEENABLE_MEMOUT", 0 0, v000002ca0a0288a0_0;  1 drivers
L_000002ca0a035580 .part v000002ca0a027a40_0, 15, 5;
L_000002ca0a0344a0 .part v000002ca0a027a40_0, 20, 5;
S_000002ca09f466a0 .scope module, "ALU" "alu" 3 85, 4 3 0, S_000002ca09f4d0e0;
 .timescale 0 0;
    .port_info 0 /INPUT 32 "data1";
    .port_info 1 /INPUT 32 "data2";
    .port_info 2 /INPUT 5 "ALU_OPCODE";
    .port_info 3 /OUTPUT 32 "Output";
v000002ca09fbe290_0 .net "ALU_OPCODE", 4 0, v000002ca0a028e40_0;  alias, 1 drivers
v000002ca09fbeab0_0 .net "MULHSU_result", 31 0, L_000002ca0a08eed0;  1 drivers
v000002ca09fbfaf0_0 .net "MULHU_result", 31 0, L_000002ca0a033a00;  1 drivers
v000002ca09fbfc30_0 .net "MULH_result", 31 0, L_000002ca0a034f40;  1 drivers
v000002ca09fbe330_0 .var "Output", 31 0;
v000002ca09fbfcd0_0 .net/s *"_ivl_0", 63 0, L_000002ca0a033780;  1 drivers
L_000002ca0a0356f0 .functor BUFT 1, C4<00000000000000000000000000000000>, C4<0>, C4<0>, C4<0>;
v000002ca09fbf230_0 .net *"_ivl_11", 31 0, L_000002ca0a0356f0;  1 drivers
v000002ca09fbe970_0 .net *"_ivl_12", 63 0, L_000002ca0a033960;  1 drivers
L_000002ca0a035738 .functor BUFT 1, C4<00000000000000000000000000000000>, C4<0>, C4<0>, C4<0>;
v000002ca09fbeb50_0 .net *"_ivl_15", 31 0, L_000002ca0a035738;  1 drivers
v000002ca09fbfd70_0 .net/s *"_ivl_2", 63 0, L_000002ca0a034860;  1 drivers
v000002ca09fbedd0_0 .net *"_ivl_20", 63 0, L_000002ca0a033aa0;  1 drivers
L_000002ca0a035780 .functor BUFT 1, C4<00000000000000000000000000000000>, C4<0>, C4<0>, C4<0>;
v000002ca09fbf870_0 .net *"_ivl_23", 31 0, L_000002ca0a035780;  1 drivers
v000002ca09fbe5b0_0 .net *"_ivl_24", 63 0, L_000002ca0a033b40;  1 drivers
L_000002ca0a0357c8 .functor BUFT 1, C4<00000000000000000000000000000000>, C4<0>, C4<0>, C4<0>;
v000002ca09fbebf0_0 .net *"_ivl_27", 31 0, L_000002ca0a0357c8;  1 drivers
v000002ca09fbe3d0_0 .net *"_ivl_8", 63 0, L_000002ca0a035080;  1 drivers
v000002ca09fbee70_0 .net "data1", 31 0, v000002ca0a01c050_0;  alias, 1 drivers
v000002ca09fbfe10_0 .net "data2", 31 0, v000002ca0a01cc30_0;  alias, 1 drivers
v000002ca09fbfeb0_0 .net "mulh_result", 63 0, L_000002ca0a034b80;  1 drivers
v000002ca09fbf2d0_0 .net "mulhsu_result", 63 0, L_000002ca0a033be0;  1 drivers
v000002ca09fbf410_0 .net "mulhu_result", 63 0, L_000002ca0a035300;  1 drivers
E_000002ca09fa5620/0 .event anyedge, v000002ca09fbe290_0, v000002ca09fbee70_0, v000002ca09fbfe10_0, v000002ca09fbfc30_0;
E_000002ca09fa5620/1 .event anyedge, v000002ca09fbfaf0_0, v000002ca09fbeab0_0;
E_000002ca09fa5620 .event/or E_000002ca09fa5620/0, E_000002ca09fa5620/1;
L_000002ca0a033780 .extend/s 64, v000002ca0a01c050_0;
L_000002ca0a034860 .extend/s 64, v000002ca0a01cc30_0;
L_000002ca0a034b80 .arith/mult 64, L_000002ca0a033780, L_000002ca0a034860;
L_000002ca0a034f40 .part L_000002ca0a034b80, 32, 32;
L_000002ca0a035080 .concat [ 32 32 0 0], v000002ca0a01c050_0, L_000002ca0a0356f0;
L_000002ca0a033960 .concat [ 32 32 0 0], v000002ca0a01cc30_0, L_000002ca0a035738;
L_000002ca0a035300 .arith/mult 64, L_000002ca0a035080, L_000002ca0a033960;
L_000002ca0a033a00 .part L_000002ca0a035300, 32, 32;
L_000002ca0a033aa0 .concat [ 32 32 0 0], v000002ca0a01c050_0, L_000002ca0a035780;
L_000002ca0a033b40 .concat [ 32 32 0 0], v000002ca0a01cc30_0, L_000002ca0a0357c8;
L_000002ca0a033be0 .arith/mult 64, L_000002ca0a033aa0, L_000002ca0a033b40;
L_000002ca0a08eed0 .part L_000002ca0a033be0, 32, 32;
S_000002ca09f46830 .scope module, "BranchController1" "BranchController" 3 87, 5 1 0, S_000002ca09f4d0e0;
 .timescale 0 0;
    .port_info 0 /INPUT 32 "data1";
    .port_info 1 /INPUT 32 "data2";
    .port_info 2 /INPUT 3 "func3";
    .port_info 3 /INPUT 32 "ALUresult";
    .port_info 4 /INPUT 1 "Branch";
    .port_info 5 /INPUT 1 "Jump";
    .port_info 6 /OUTPUT 32 "TargetedAddress";
    .port_info 7 /OUTPUT 1 "PCAddressController";
v000002ca09fbf4b0_0 .net/s "ALUresult", 31 0, v000002ca09fbe330_0;  alias, 1 drivers
v000002ca09fbf910_0 .net "Branch", 0 0, v000002ca0a028ee0_0;  alias, 1 drivers
v000002ca09fbf550_0 .net "Jump", 0 0, v000002ca0a0286c0_0;  alias, 1 drivers
v000002ca09fbf5f0_0 .var "PCAddressController", 0 0;
v000002ca09fbf690_0 .var "TargetedAddress", 31 0;
v000002ca09fb25e0_0 .net/s "data1", 31 0, v000002ca0a028f80_0;  alias, 1 drivers
v000002ca0a01c410_0 .net/s "data2", 31 0, v000002ca0a0292a0_0;  alias, 1 drivers
v000002ca0a01d4f0_0 .net "func3", 2 0, v000002ca0a0284e0_0;  alias, 1 drivers
E_000002ca09fa56e0/0 .event anyedge, v000002ca09fbe330_0, v000002ca09fbf550_0, v000002ca09fbf910_0, v000002ca0a01d4f0_0;
E_000002ca09fa56e0/1 .event anyedge, v000002ca0a01c410_0, v000002ca09fb25e0_0;
E_000002ca09fa56e0 .event/or E_000002ca09fa56e0/0, E_000002ca09fa56e0/1;
S_000002ca09f29790 .scope module, "Data1_MUX" "MUX_32bit_3input" 3 83, 6 1 0, S_000002ca09f4d0e0;
 .timescale 0 0;
    .port_info 0 /INPUT 32 "INPUT_0";
    .port_info 1 /INPUT 32 "INPUT_1";
    .port_info 2 /INPUT 32 "INPUT_2";
    .port_info 3 /INPUT 2 "SELECT";
    .port_info 4 /OUTPUT 32 "OUTPUT";
v000002ca0a01d450_0 .net "INPUT_0", 31 0, v000002ca0a028f80_0;  alias, 1 drivers
v000002ca0a01c730_0 .net "INPUT_1", 31 0, v000002ca0a027860_0;  alias, 1 drivers
v000002ca0a01c870_0 .net "INPUT_2", 31 0, v000002ca0a01caf0_0;  alias, 1 drivers
v000002ca0a01c050_0 .var "OUTPUT", 31 0;
v000002ca0a01b650_0 .net "SELECT", 1 0, v000002ca0a027720_0;  alias, 1 drivers
E_000002ca09fa6360 .event anyedge, v000002ca0a01b650_0, v000002ca0a01c730_0, v000002ca09fb25e0_0;
S_000002ca09f29920 .scope module, "Data2_MUX" "MUX_32bit_3input" 3 84, 6 1 0, S_000002ca09f4d0e0;
 .timescale 0 0;
    .port_info 0 /INPUT 32 "INPUT_0";
    .port_info 1 /INPUT 32 "INPUT_1";
    .port_info 2 /INPUT 32 "INPUT_2";
    .port_info 3 /INPUT 2 "SELECT";
    .port_info 4 /OUTPUT 32 "OUTPUT";
v000002ca0a01ca50_0 .net "INPUT_0", 31 0, v000002ca0a0292a0_0;  alias, 1 drivers
v000002ca0a01cb90_0 .net "INPUT_1", 31 0, v000002ca0a027680_0;  alias, 1 drivers
v000002ca0a01c0f0_0 .net "INPUT_2", 31 0, v000002ca0a01caf0_0;  alias, 1 drivers
v000002ca0a01cc30_0 .var "OUTPUT", 31 0;
v000002ca0a01b6f0_0 .net "SELECT", 1 0, v000002ca0a028c60_0;  alias, 1 drivers
E_000002ca09fa7aa0 .event anyedge, v000002ca0a01b6f0_0, v000002ca0a01cb90_0, v000002ca0a01c410_0;
S_000002ca09f0e210 .scope module, "EX_MEM_pipeline1" "EX_MEM_pipeline" 3 88, 7 1 0, S_000002ca09f4d0e0;
 .timescale 0 0;
    .port_info 0 /INPUT 1 "CLK";
    .port_info 1 /INPUT 1 "RESET";
    .port_info 2 /INPUT 1 "WRITE_ENABLE";
    .port_info 3 /INPUT 1 "MEM_ACCESS";
    .port_info 4 /INPUT 1 "MEM_WRITE";
    .port_info 5 /INPUT 1 "MEM_READ";
    .port_info 6 /INPUT 32 "ALU_OUTPUT";
    .port_info 7 /INPUT 5 "WRITE_ADDRESS";
    .port_info 8 /INPUT 3 "FUNCT3";
    .port_info 9 /INPUT 32 "DATA2";
    .port_info 10 /OUTPUT 1 "WRITE_ENABLE_OUT";
    .port_info 11 /OUTPUT 1 "MEM_ACCESS_OUT";
    .port_info 12 /OUTPUT 1 "MEM_WRITE_OUT";
    .port_info 13 /OUTPUT 1 "MEM_READ_OUT";
    .port_info 14 /OUTPUT 32 "ALU_OUTPUT_OUT";
    .port_info 15 /OUTPUT 5 "WRITE_ADDRESS_OUT";
    .port_info 16 /OUTPUT 3 "FUNCT3_OUT";
    .port_info 17 /OUTPUT 32 "DATA2_OUT";
v000002ca0a01ce10_0 .net "ALU_OUTPUT", 31 0, v000002ca0a027e00_0;  alias, 1 drivers
v000002ca0a01caf0_0 .var "ALU_OUTPUT_OUT", 31 0;
v000002ca0a01c550_0 .net "CLK", 0 0, v000002ca0a034040_0;  alias, 1 drivers
v000002ca0a01cff0_0 .net "DATA2", 31 0, v000002ca0a0292a0_0;  alias, 1 drivers
v000002ca0a01c230_0 .var "DATA2_OUT", 31 0;
v000002ca0a01bdd0_0 .net "FUNCT3", 2 0, v000002ca0a0284e0_0;  alias, 1 drivers
v000002ca0a01d090_0 .var "FUNCT3_OUT", 2 0;
v000002ca0a01c910_0 .net "MEM_ACCESS", 0 0, v000002ca0a029340_0;  alias, 1 drivers
v000002ca0a01b790_0 .var "MEM_ACCESS_OUT", 0 0;
v000002ca0a01c7d0_0 .net "MEM_READ", 0 0, v000002ca0a0293e0_0;  alias, 1 drivers
v000002ca0a01b830_0 .var "MEM_READ_OUT", 0 0;
v000002ca0a01d310_0 .net "MEM_WRITE", 0 0, v000002ca0a028bc0_0;  alias, 1 drivers
v000002ca0a01bf10_0 .var "MEM_WRITE_OUT", 0 0;
v000002ca0a01b970_0 .net "RESET", 0 0, v000002ca0a034400_0;  alias, 1 drivers
v000002ca0a01bab0_0 .net "WRITE_ADDRESS", 4 0, v000002ca0a029200_0;  alias, 1 drivers
v000002ca0a01d130_0 .var "WRITE_ADDRESS_OUT", 4 0;
v000002ca0a01bc90_0 .net "WRITE_ENABLE", 0 0, v000002ca0a029480_0;  alias, 1 drivers
v000002ca0a01c4b0_0 .var "WRITE_ENABLE_OUT", 0 0;
E_000002ca09fa8c20 .event posedge, v000002ca0a01c550_0;
S_000002ca09f0e3a0 .scope module, "Forwarding" "Forward" 3 77, 8 1 0, S_000002ca09f4d0e0;
 .timescale 0 0;
    .port_info 0 /INPUT 32 "INSTRUCTION";
    .port_info 1 /INPUT 2 "ControlUnit_IMMEDIATE_SELECT";
    .port_info 2 /INPUT 2 "ControlUnit_OFFSET_GENARATOR";
    .port_info 3 /OUTPUT 2 "Data2_ImmediateSelect";
    .port_info 4 /OUTPUT 2 "Data1_OffsetGenarator";
v000002ca0a01ccd0_0 .net "ControlUnit_IMMEDIATE_SELECT", 1 0, v000002ca0a02a630_0;  alias, 1 drivers
v000002ca0a01c5f0_0 .net "ControlUnit_OFFSET_GENARATOR", 1 0, v000002ca0a02b210_0;  alias, 1 drivers
v000002ca0a01c190_0 .var "Data1_OffsetGenarator", 1 0;
v000002ca0a01c2d0_0 .var "Data2_ImmediateSelect", 1 0;
v000002ca0a01b8d0_0 .net "INSTRUCTION", 31 0, v000002ca0a027a40_0;  alias, 1 drivers
v000002ca0a01cd70_0 .net "OPCODE", 6 0, L_000002ca0a0340e0;  1 drivers
v000002ca0a01c370_0 .net "RD", 4 0, L_000002ca0a034ae0;  1 drivers
v000002ca0a01bd30_0 .var "RD_old", 4 0;
v000002ca0a01ba10_0 .net "SR1", 4 0, L_000002ca0a034680;  1 drivers
v000002ca0a01ceb0_0 .net "SR2", 4 0, L_000002ca0a034720;  1 drivers
E_000002ca09fa8520/0 .event anyedge, v000002ca0a01cd70_0, v000002ca0a01ba10_0, v000002ca0a01bd30_0, v000002ca0a01ceb0_0;
E_000002ca09fa8520/1 .event anyedge, v000002ca0a01ccd0_0, v000002ca0a01c5f0_0, v000002ca0a01c370_0;
E_000002ca09fa8520 .event/or E_000002ca09fa8520/0, E_000002ca09fa8520/1;
L_000002ca0a0340e0 .part v000002ca0a027a40_0, 0, 7;
L_000002ca0a034680 .part v000002ca0a027a40_0, 15, 5;
L_000002ca0a034720 .part v000002ca0a027a40_0, 20, 5;
L_000002ca0a034ae0 .part v000002ca0a027a40_0, 7, 5;
S_000002ca09d5e7a0 .scope module, "ID_EXPipeline1" "ID_ExPipeline" 3 80, 9 1 0, S_000002ca09f4d0e0;
 .timescale 0 0;
    .port_info 0 /INPUT 1 "CLK";
    .port_info 1 /INPUT 1 "Reset";
    .port_info 2 /INPUT 1 "Write_Enable";
    .port_info 3 /INPUT 1 "Memory_Access";
    .port_info 4 /INPUT 1 "Mem_Write";
    .port_info 5 /INPUT 1 "Mem_Read";
    .port_info 6 /INPUT 1 "Jump_and_Link";
    .port_info 7 /INPUT 5 "ALU_Opcode";
    .port_info 8 /INPUT 2 "Immediate_Select";
    .port_info 9 /INPUT 2 "Offset_Generate";
    .port_info 10 /INPUT 1 "Branch";
    .port_info 11 /INPUT 1 "Jump";
    .port_info 12 /INPUT 32 "PC";
    .port_info 13 /INPUT 32 "PC_next";
    .port_info 14 /INPUT 32 "Data1";
    .port_info 15 /INPUT 32 "Data2";
    .port_info 16 /INPUT 32 "instruction";
    .port_info 17 /INPUT 32 "Immediate_value";
    .port_info 18 /OUTPUT 1 "Out_Write_Enable";
    .port_info 19 /OUTPUT 1 "Out_Memory_Access";
    .port_info 20 /OUTPUT 1 "Out_Mem_Write";
    .port_info 21 /OUTPUT 1 "Out_Mem_Read";
    .port_info 22 /OUTPUT 1 "Out_Jump_and_Link";
    .port_info 23 /OUTPUT 5 "Out_ALU_Opcode";
    .port_info 24 /OUTPUT 2 "Out_Immediate_Select";
    .port_info 25 /OUTPUT 2 "Out_Offset_Generate";
    .port_info 26 /OUTPUT 1 "Out_Branch";
    .port_info 27 /OUTPUT 1 "Out_Jump";
    .port_info 28 /OUTPUT 32 "Out_PC";
    .port_info 29 /OUTPUT 32 "Out_PC_next";
    .port_info 30 /OUTPUT 32 "Out_Data1";
    .port_info 31 /OUTPUT 32 "Out_Data2";
    .port_info 32 /OUTPUT 5 "Out_WriteAddress";
    .port_info 33 /OUTPUT 3 "Out_func3";
    .port_info 34 /OUTPUT 32 "Out_Immediate_value";
v000002ca0a01bb50_0 .net "ALU_Opcode", 4 0, v000002ca0a029af0_0;  alias, 1 drivers
v000002ca0a01c690_0 .net "Branch", 0 0, v000002ca0a02ae50_0;  alias, 1 drivers
v000002ca0a01be70_0 .net "CLK", 0 0, v000002ca0a034040_0;  alias, 1 drivers
v000002ca0a01c9b0_0 .net "Data1", 31 0, v000002ca0a032060_0;  alias, 1 drivers
v000002ca0a01cf50_0 .net "Data2", 31 0, v000002ca0a032100_0;  alias, 1 drivers
v000002ca0a01d270_0 .net "Immediate_Select", 1 0, v000002ca0a01c2d0_0;  alias, 1 drivers
v000002ca0a01bbf0_0 .net "Immediate_value", 31 0, v000002ca0a029a50_0;  alias, 1 drivers
v000002ca0a01d3b0_0 .net "Jump", 0 0, v000002ca0a02a310_0;  alias, 1 drivers
v000002ca0a01bfb0_0 .net "Jump_and_Link", 0 0, v000002ca0a029d70_0;  alias, 1 drivers
v000002ca0a028b20_0 .net "Mem_Read", 0 0, v000002ca0a029690_0;  alias, 1 drivers
v000002ca0a028260_0 .net "Mem_Write", 0 0, v000002ca0a02abd0_0;  alias, 1 drivers
v000002ca0a027ae0_0 .net "Memory_Access", 0 0, v000002ca0a02a8b0_0;  alias, 1 drivers
v000002ca0a028300_0 .net "Offset_Generate", 1 0, v000002ca0a01c190_0;  alias, 1 drivers
v000002ca0a028e40_0 .var "Out_ALU_Opcode", 4 0;
v000002ca0a028ee0_0 .var "Out_Branch", 0 0;
v000002ca0a028f80_0 .var "Out_Data1", 31 0;
v000002ca0a0292a0_0 .var "Out_Data2", 31 0;
v000002ca0a028c60_0 .var "Out_Immediate_Select", 1 0;
v000002ca0a027680_0 .var "Out_Immediate_value", 31 0;
v000002ca0a0286c0_0 .var "Out_Jump", 0 0;
v000002ca0a028120_0 .var "Out_Jump_and_Link", 0 0;
v000002ca0a0293e0_0 .var "Out_Mem_Read", 0 0;
v000002ca0a028bc0_0 .var "Out_Mem_Write", 0 0;
v000002ca0a029340_0 .var "Out_Memory_Access", 0 0;
v000002ca0a027720_0 .var "Out_Offset_Generate", 1 0;
v000002ca0a027860_0 .var "Out_PC", 31 0;
v000002ca0a028a80_0 .var "Out_PC_next", 31 0;
v000002ca0a029200_0 .var "Out_WriteAddress", 4 0;
v000002ca0a029480_0 .var "Out_Write_Enable", 0 0;
v000002ca0a0284e0_0 .var "Out_func3", 2 0;
v000002ca0a027cc0_0 .net "PC", 31 0, v000002ca0a027b80_0;  alias, 1 drivers
v000002ca0a027900_0 .net "PC_next", 31 0, v000002ca0a027c20_0;  alias, 1 drivers
v000002ca0a0277c0_0 .net "Reset", 0 0, v000002ca0a034400_0;  alias, 1 drivers
v000002ca0a029520_0 .net "Write_Enable", 0 0, v000002ca0a02a950_0;  alias, 1 drivers
v000002ca0a028d00_0 .net "instruction", 31 0, v000002ca0a027a40_0;  alias, 1 drivers
S_000002ca09f04b00 .scope module, "ID_IF_register1" "ID_IF_register" 3 73, 10 1 0, S_000002ca09f4d0e0;
 .timescale 0 0;
    .port_info 0 /INPUT 1 "CLK";
    .port_info 1 /INPUT 32 "INSTRUCTION";
    .port_info 2 /INPUT 32 "PC";
    .port_info 3 /INPUT 32 "PC_PLUS_4";
    .port_info 4 /INPUT 1 "RESET";
    .port_info 5 /OUTPUT 32 "INSTRUCTION_OUT";
    .port_info 6 /OUTPUT 32 "PC_OUT";
    .port_info 7 /OUTPUT 32 "PC_PLUS_4_OUT";
v000002ca0a0279a0_0 .net "CLK", 0 0, v000002ca0a034040_0;  alias, 1 drivers
v000002ca0a029020_0 .net "INSTRUCTION", 31 0, v000002ca0a02a6d0_0;  alias, 1 drivers
v000002ca0a027a40_0 .var "INSTRUCTION_OUT", 31 0;
v000002ca0a027ea0_0 .net "PC", 31 0, v000002ca0a02b350_0;  alias, 1 drivers
v000002ca0a027b80_0 .var "PC_OUT", 31 0;
v000002ca0a027f40_0 .net "PC_PLUS_4", 31 0, L_000002ca0a0353a0;  alias, 1 drivers
v000002ca0a027c20_0 .var "PC_PLUS_4_OUT", 31 0;
v000002ca0a028da0_0 .net "RESET", 0 0, v000002ca0a034400_0;  alias, 1 drivers
S_000002ca09f517f0 .scope module, "JAL_MUX" "MUX_32bit" 3 86, 11 1 0, S_000002ca09f4d0e0;
 .timescale 0 0;
    .port_info 0 /INPUT 32 "INPUT_0";
    .port_info 1 /INPUT 32 "INPUT_1";
    .port_info 2 /INPUT 1 "SELECT";
    .port_info 3 /OUTPUT 32 "OUTPUT";
v000002ca0a027d60_0 .net "INPUT_0", 31 0, v000002ca09fbe330_0;  alias, 1 drivers
v000002ca0a0290c0_0 .net "INPUT_1", 31 0, v000002ca0a028a80_0;  alias, 1 drivers
v000002ca0a027e00_0 .var "OUTPUT", 31 0;
v000002ca0a028800_0 .net "SELECT", 0 0, v000002ca0a028120_0;  alias, 1 drivers
E_000002ca09fa8e60 .event anyedge, v000002ca0a028120_0, v000002ca0a028a80_0, v000002ca09fbe330_0;
S_000002ca09f51980 .scope module, "MEM_WBPipeline1" "Mem_WBPipeline" 3 92, 12 1 0, S_000002ca09f4d0e0;
 .timescale 0 0;
    .port_info 0 /INPUT 1 "CLK";
    .port_info 1 /INPUT 1 "Reset";
    .port_info 2 /INPUT 1 "Write_enable";
    .port_info 3 /INPUT 1 "Memory_access";
    .port_info 4 /INPUT 32 "Memory_Data";
    .port_info 5 /INPUT 32 "ALU_Output";
    .port_info 6 /INPUT 5 "Write_Address";
    .port_info 7 /OUTPUT 1 "Write_Enable_Out";
    .port_info 8 /OUTPUT 1 "Memory_access_Out";
    .port_info 9 /OUTPUT 32 "Memory_Data_Out";
    .port_info 10 /OUTPUT 32 "ALU_Output_Out";
    .port_info 11 /OUTPUT 5 "Write_Address_out";
v000002ca0a029160_0 .net "ALU_Output", 31 0, v000002ca0a01caf0_0;  alias, 1 drivers
v000002ca0a027fe0_0 .var "ALU_Output_Out", 31 0;
v000002ca0a028080_0 .net "CLK", 0 0, v000002ca0a034040_0;  alias, 1 drivers
v000002ca0a0281c0_0 .net "Memory_Data", 31 0, v000002ca0a029910_0;  alias, 1 drivers
v000002ca0a0289e0_0 .var "Memory_Data_Out", 31 0;
v000002ca0a0283a0_0 .net "Memory_access", 0 0, v000002ca0a01b790_0;  alias, 1 drivers
v000002ca0a028440_0 .var "Memory_access_Out", 0 0;
v000002ca0a028580_0 .net "Reset", 0 0, v000002ca0a034400_0;  alias, 1 drivers
v000002ca0a028620_0 .net "Write_Address", 4 0, v000002ca0a01d130_0;  alias, 1 drivers
v000002ca0a028760_0 .var "Write_Address_out", 4 0;
v000002ca0a0288a0_0 .var "Write_Enable_Out", 0 0;
v000002ca0a028940_0 .net "Write_enable", 0 0, v000002ca0a01c4b0_0;  alias, 1 drivers
S_000002ca09f5d1e0 .scope module, "Memory_access_MUX" "MUX_32bit" 3 95, 11 1 0, S_000002ca09f4d0e0;
 .timescale 0 0;
    .port_info 0 /INPUT 32 "INPUT_0";
    .port_info 1 /INPUT 32 "INPUT_1";
    .port_info 2 /INPUT 1 "SELECT";
    .port_info 3 /OUTPUT 32 "OUTPUT";
v000002ca0a029eb0_0 .net "INPUT_0", 31 0, v000002ca0a027fe0_0;  alias, 1 drivers
v000002ca0a029730_0 .net "INPUT_1", 31 0, v000002ca0a0289e0_0;  alias, 1 drivers
v000002ca0a02b170_0 .var "OUTPUT", 31 0;
v000002ca0a02aef0_0 .net "SELECT", 0 0, v000002ca0a028440_0;  alias, 1 drivers
E_000002ca09fa82a0 .event anyedge, v000002ca0a028440_0, v000002ca0a0289e0_0, v000002ca0a027fe0_0;
S_000002ca09f5d370 .scope module, "PC_MUX" "MUX_32bit" 3 70, 11 1 0, S_000002ca09f4d0e0;
 .timescale 0 0;
    .port_info 0 /INPUT 32 "INPUT_0";
    .port_info 1 /INPUT 32 "INPUT_1";
    .port_info 2 /INPUT 1 "SELECT";
    .port_info 3 /OUTPUT 32 "OUTPUT";
v000002ca0a02a770_0 .net "INPUT_0", 31 0, L_000002ca0a0353a0;  alias, 1 drivers
v000002ca0a02b530_0 .net "INPUT_1", 31 0, v000002ca09fbf690_0;  alias, 1 drivers
v000002ca0a02af90_0 .var "OUTPUT", 31 0;
v000002ca0a02b3f0_0 .net "SELECT", 0 0, v000002ca09fbf5f0_0;  alias, 1 drivers
E_000002ca09fa8360 .event anyedge, v000002ca09fbf5f0_0, v000002ca09fbf690_0, v000002ca0a027f40_0;
S_000002ca09ef6190 .scope module, "controlunit1" "controlUnit" 3 76, 13 1 0, S_000002ca09f4d0e0;
 .timescale 0 0;
    .port_info 0 /INPUT 32 "INSTRUCTION";
    .port_info 1 /OUTPUT 1 "WRITE_ENABLE";
    .port_info 2 /OUTPUT 1 "MEMORY_ACCESS";
    .port_info 3 /OUTPUT 1 "MEM_WRITE";
    .port_info 4 /OUTPUT 1 "MEM_READ";
    .port_info 5 /OUTPUT 1 "JUMP_AND_LINK";
    .port_info 6 /OUTPUT 5 "ALU_OPCODE";
    .port_info 7 /OUTPUT 2 "IMMEDIATE_SELECT";
    .port_info 8 /OUTPUT 2 "OFFSET_GENARATOR";
    .port_info 9 /OUTPUT 1 "BRANCH";
    .port_info 10 /OUTPUT 1 "JUMP";
    .port_info 11 /OUTPUT 3 "IMMEDIATE_TYPE";
v000002ca0a029af0_0 .var "ALU_OPCODE", 4 0;
v000002ca0a02ae50_0 .var "BRANCH", 0 0;
v000002ca0a029c30_0 .net "FUNCT3", 2 0, L_000002ca0a035440;  1 drivers
v000002ca0a029cd0_0 .net "FUNCT7", 6 0, L_000002ca0a034e00;  1 drivers
v000002ca0a02a630_0 .var "IMMEDIATE_SELECT", 1 0;
v000002ca0a029f50_0 .var "IMMEDIATE_TYPE", 2 0;
v000002ca0a02a9f0_0 .net "INSTRUCTION", 31 0, v000002ca0a027a40_0;  alias, 1 drivers
v000002ca0a02a310_0 .var "JUMP", 0 0;
v000002ca0a029d70_0 .var "JUMP_AND_LINK", 0 0;
v000002ca0a02a8b0_0 .var "MEMORY_ACCESS", 0 0;
v000002ca0a029690_0 .var "MEM_READ", 0 0;
v000002ca0a02abd0_0 .var "MEM_WRITE", 0 0;
v000002ca0a02b210_0 .var "OFFSET_GENARATOR", 1 0;
v000002ca0a029ff0_0 .net "OPCODE", 6 0, L_000002ca0a034fe0;  1 drivers
v000002ca0a02a950_0 .var "WRITE_ENABLE", 0 0;
E_000002ca09fa8420 .event anyedge, v000002ca0a029cd0_0, v000002ca0a029c30_0, v000002ca0a029ff0_0;
L_000002ca0a034fe0 .part v000002ca0a027a40_0, 0, 7;
L_000002ca0a035440 .part v000002ca0a027a40_0, 12, 3;
L_000002ca0a034e00 .part v000002ca0a027a40_0, 25, 7;
S_000002ca0a02be70 .scope module, "datamemory1" "data_memory" 3 91, 14 68 0, S_000002ca09f4d0e0;
 .timescale 0 0;
    .port_info 0 /INPUT 1 "CLK";
    .port_info 1 /INPUT 1 "RESET";
    .port_info 2 /INPUT 1 "READ";
    .port_info 3 /INPUT 3 "FUNCT3";
    .port_info 4 /INPUT 1 "WRITE";
    .port_info 5 /INPUT 32 "ADDRESS";
    .port_info 6 /INPUT 32 "WRITEDATA";
    .port_info 7 /OUTPUT 32 "READDATA";
    .port_info 8 /OUTPUT 1 "BUSYWAIT";
v000002ca0a029870_0 .net "ADDRESS", 31 0, v000002ca0a01caf0_0;  alias, 1 drivers
v000002ca0a029e10_0 .var "BUSYWAIT", 0 0;
v000002ca0a0297d0_0 .net "CLK", 0 0, v000002ca0a034040_0;  alias, 1 drivers
v000002ca0a02adb0_0 .net "FUNCT3", 2 0, v000002ca0a01d090_0;  alias, 1 drivers
v000002ca0a02a3b0_0 .net "READ", 0 0, v000002ca0a01b830_0;  alias, 1 drivers
v000002ca0a029910_0 .var "READDATA", 31 0;
v000002ca0a02a090_0 .net "RESET", 0 0, v000002ca0a034400_0;  alias, 1 drivers
v000002ca0a02b0d0_0 .net "WRITE", 0 0, v000002ca0a01bf10_0;  alias, 1 drivers
v000002ca0a02a130_0 .net "WRITEDATA", 31 0, v000002ca0a01c230_0;  alias, 1 drivers
v000002ca0a02a4f0_0 .var *"_ivl_3", 31 0; Local signal
v000002ca0a0299b0_0 .var/i "i", 31 0;
v000002ca0a02b030 .array "memory_array", 1023 0, 7 0;
E_000002ca09faaba0 .event posedge, v000002ca0a01b970_0;
E_000002ca09faaca0 .event anyedge, v000002ca0a01bf10_0, v000002ca0a01b830_0;
S_000002ca0a02c190 .scope module, "imidiateGenarator1" "imidiateGenarator" 3 79, 15 1 0, S_000002ca09f4d0e0;
 .timescale 0 0;
    .port_info 0 /INPUT 32 "INSTRUCTION";
    .port_info 1 /INPUT 3 "IMMEDIATE_TYPE";
    .port_info 2 /OUTPUT 32 "IMMEDIATE_VALUE";
v000002ca0a02b2b0_0 .net "IMMEDIATE_TYPE", 2 0, v000002ca0a029f50_0;  alias, 1 drivers
v000002ca0a029a50_0 .var "IMMEDIATE_VALUE", 31 0;
v000002ca0a029b90_0 .net "INSTRUCTION", 31 0, v000002ca0a027a40_0;  alias, 1 drivers
E_000002ca09faafa0 .event anyedge, v000002ca0a029f50_0, v000002ca0a01b8d0_0;
S_000002ca0a02c320 .scope module, "instructionmem1" "instruction_memory" 3 69, 16 66 0, S_000002ca09f4d0e0;
 .timescale 0 0;
    .port_info 0 /INPUT 1 "RESET";
    .port_info 1 /INPUT 32 "PC";
    .port_info 2 /OUTPUT 32 "INSTRUCTION";
v000002ca0a02a6d0_0 .var "INSTRUCTION", 31 0;
v000002ca0a02a270_0 .net "PC", 31 0, v000002ca0a02b350_0;  alias, 1 drivers
v000002ca0a02a450_0 .net "RESET", 0 0, v000002ca0a034400_0;  alias, 1 drivers
v000002ca0a02a590 .array "memory_array", 255 0, 31 0;
E_000002ca09faaf20 .event anyedge, v000002ca0a01b970_0, v000002ca0a027ea0_0;
S_000002ca0a02bb50 .scope module, "pc1" "pc" 3 71, 17 1 0, S_000002ca09f4d0e0;
 .timescale 0 0;
    .port_info 0 /INPUT 32 "PCIN";
    .port_info 1 /INPUT 1 "RESET";
    .port_info 2 /INPUT 1 "CLK";
    .port_info 3 /OUTPUT 32 "PCOUT";
v000002ca0a02a810_0 .net "CLK", 0 0, v000002ca0a034040_0;  alias, 1 drivers
v000002ca0a02aa90_0 .net "PCIN", 31 0, v000002ca0a02af90_0;  alias, 1 drivers
v000002ca0a02b350_0 .var "PCOUT", 31 0;
v000002ca0a02b490_0 .net "RESET", 0 0, v000002ca0a034400_0;  alias, 1 drivers
S_000002ca0a02c4b0 .scope module, "pc_4_adder" "adder" 3 72, 18 1 0, S_000002ca09f4d0e0;
 .timescale 0 0;
    .port_info 0 /INPUT 32 "PC";
    .port_info 1 /OUTPUT 32 "PCPLUS4";
v000002ca0a02ab30_0 .net "PC", 31 0, v000002ca0a02b350_0;  alias, 1 drivers
v000002ca0a02ac70_0 .net "PCPLUS4", 31 0, L_000002ca0a0353a0;  alias, 1 drivers
L_000002ca0a0356a8 .functor BUFT 1, C4<00000000000000000000000000000100>, C4<0>, C4<0>, C4<0>;
v000002ca0a02ad10_0 .net/2u *"_ivl_0", 31 0, L_000002ca0a0356a8;  1 drivers
L_000002ca0a0353a0 .delay 32 (1,1,1) L_000002ca0a0353a0/d;
L_000002ca0a0353a0/d .arith/sum 32, v000002ca0a02b350_0, L_000002ca0a0356a8;
S_000002ca0a02b6a0 .scope module, "registerfile1" "RegisterFile" 3 78, 19 1 0, S_000002ca09f4d0e0;
 .timescale 0 0;
    .port_info 0 /INPUT 5 "RS1";
    .port_info 1 /INPUT 5 "RS2";
    .port_info 2 /INPUT 32 "WRITEDATA";
    .port_info 3 /INPUT 5 "WRITEADDRESS";
    .port_info 4 /INPUT 1 "WRITEENABLE";
    .port_info 5 /INPUT 1 "RESET";
    .port_info 6 /INPUT 1 "CLK";
    .port_info 7 /OUTPUT 32 "DATA1";
    .port_info 8 /OUTPUT 32 "DATA2";
v000002ca0a031980_0 .net "CLK", 0 0, v000002ca0a034040_0;  alias, 1 drivers
v000002ca0a032060_0 .var "DATA1", 31 0;
v000002ca0a032100_0 .var "DATA2", 31 0;
v000002ca0a031e80_0 .net "RESET", 0 0, v000002ca0a034400_0;  alias, 1 drivers
v000002ca0a030c60_0 .net "RS1", 4 0, L_000002ca0a035580;  alias, 1 drivers
v000002ca0a031520_0 .net "RS2", 4 0, L_000002ca0a0344a0;  alias, 1 drivers
v000002ca0a0315c0_0 .net "WRITEADDRESS", 4 0, v000002ca0a028760_0;  alias, 1 drivers
v000002ca0a031a20_0 .net "WRITEDATA", 31 0, v000002ca0a02b170_0;  alias, 1 drivers
v000002ca0a0318e0_0 .net "WRITEENABLE", 0 0, v000002ca0a0288a0_0;  alias, 1 drivers
v000002ca0a031ca0 .array "registers", 31 0, 31 0;
E_000002ca09faa1e0 .event anyedge, v000002ca0a031520_0, v000002ca0a030c60_0;
E_000002ca09faa0a0 .event anyedge, v000002ca0a01b970_0, v000002ca0a0288a0_0, v000002ca0a028760_0, v000002ca0a02b170_0;
    .scope S_000002ca0a02c320;
T_0 ;
    %pushi/vec4 5243667, 0, 32;
    %ix/load 4, 0, 0;
    %flag_set/imm 4, 0;
    %store/vec4a v000002ca0a02a590, 4, 0;
    %pushi/vec4 12583443, 0, 32;
    %ix/load 4, 1, 0;
    %flag_set/imm 4, 0;
    %store/vec4a v000002ca0a02a590, 4, 0;
    %pushi/vec4 12583571, 0, 32;
    %ix/load 4, 2, 0;
    %flag_set/imm 4, 0;
    %store/vec4a v000002ca0a02a590, 4, 0;
    %pushi/vec4 6489011, 0, 32;
    %ix/load 4, 3, 0;
    %flag_set/imm 4, 0;
    %store/vec4a v000002ca0a02a590, 4, 0;
    %pushi/vec4 1080165427, 0, 32;
    %ix/load 4, 4, 0;
    %flag_set/imm 4, 0;
    %store/vec4a v000002ca0a02a590, 4, 0;
    %pushi/vec4 8520243, 0, 32;
    %ix/load 4, 5, 0;
    %flag_set/imm 4, 0;
    %store/vec4a v000002ca0a02a590, 4, 0;
    %end;
    .thread T_0;
    .scope S_000002ca0a02c320;
T_1 ;
    %wait E_000002ca09faaf20;
    %delay 1, 0;
    %load/vec4 v000002ca0a02a450_0;
    %flag_set/vec4 8;
    %jmp/0xz  T_1.0, 8;
    %pushi/vec4 0, 0, 32;
    %assign/vec4 v000002ca0a02a6d0_0, 0;
    %jmp T_1.1;
T_1.0 ;
    %load/vec4 v000002ca0a02a270_0;
    %parti/s 8, 2, 3;
    %pad/u 10;
    %ix/vec4 4;
    %load/vec4a v000002ca0a02a590, 4;
    %assign/vec4 v000002ca0a02a6d0_0, 0;
T_1.1 ;
    %jmp T_1;
    .thread T_1, $push;
    .scope S_000002ca09f5d370;
T_2 ;
    %wait E_000002ca09fa8360;
    %load/vec4 v000002ca0a02b3f0_0;
    %cmpi/e 0, 0, 1;
    %jmp/0xz  T_2.0, 4;
    %load/vec4 v000002ca0a02a770_0;
    %store/vec4 v000002ca0a02af90_0, 0, 32;
    %jmp T_2.1;
T_2.0 ;
    %load/vec4 v000002ca0a02b530_0;
    %store/vec4 v000002ca0a02af90_0, 0, 32;
T_2.1 ;
    %jmp T_2;
    .thread T_2, $push;
    .scope S_000002ca0a02bb50;
T_3 ;
    %wait E_000002ca09fa8c20;
    %load/vec4 v000002ca0a02b490_0;
    %flag_set/vec4 8;
    %jmp/0xz  T_3.0, 8;
    %delay 2, 0;
    %pushi/vec4 0, 0, 32;
    %assign/vec4 v000002ca0a02b350_0, 0;
    %jmp T_3.1;
T_3.0 ;
    %delay 2, 0;
    %load/vec4 v000002ca0a02aa90_0;
    %assign/vec4 v000002ca0a02b350_0, 0;
T_3.1 ;
    %jmp T_3;
    .thread T_3;
    .scope S_000002ca09f04b00;
T_4 ;
    %wait E_000002ca09fa8c20;
    %load/vec4 v000002ca0a028da0_0;
    %pad/u 32;
    %cmpi/e 1, 0, 32;
    %jmp/0xz  T_4.0, 4;
    %delay 1, 0;
    %pushi/vec4 0, 0, 32;
    %assign/vec4 v000002ca0a027a40_0, 0;
    %pushi/vec4 0, 0, 32;
    %assign/vec4 v000002ca0a027b80_0, 0;
    %pushi/vec4 0, 0, 32;
    %assign/vec4 v000002ca0a027c20_0, 0;
    %jmp T_4.1;
T_4.0 ;
    %delay 2, 0;
    %load/vec4 v000002ca0a029020_0;
    %assign/vec4 v000002ca0a027a40_0, 0;
    %load/vec4 v000002ca0a027ea0_0;
    %assign/vec4 v000002ca0a027b80_0, 0;
    %load/vec4 v000002ca0a027f40_0;
    %assign/vec4 v000002ca0a027c20_0, 0;
T_4.1 ;
    %jmp T_4;
    .thread T_4;
    .scope S_000002ca09ef6190;
T_5 ;
    %wait E_000002ca09fa8420;
    %delay 1, 0;
    %load/vec4 v000002ca0a029ff0_0;
    %dup/vec4;
    %pushi/vec4 51, 0, 7;
    %cmp/u;
    %jmp/1 T_5.0, 6;
    %dup/vec4;
    %pushi/vec4 19, 0, 7;
    %cmp/u;
    %jmp/1 T_5.1, 6;
    %dup/vec4;
    %pushi/vec4 3, 0, 7;
    %cmp/u;
    %jmp/1 T_5.2, 6;
    %dup/vec4;
    %pushi/vec4 35, 0, 7;
    %cmp/u;
    %jmp/1 T_5.3, 6;
    %dup/vec4;
    %pushi/vec4 111, 0, 7;
    %cmp/u;
    %jmp/1 T_5.4, 6;
    %dup/vec4;
    %pushi/vec4 103, 0, 7;
    %cmp/u;
    %jmp/1 T_5.5, 6;
    %dup/vec4;
    %pushi/vec4 55, 0, 7;
    %cmp/u;
    %jmp/1 T_5.6, 6;
    %dup/vec4;
    %pushi/vec4 23, 0, 7;
    %cmp/u;
    %jmp/1 T_5.7, 6;
    %dup/vec4;
    %pushi/vec4 99, 0, 7;
    %cmp/u;
    %jmp/1 T_5.8, 6;
    %jmp T_5.9;
T_5.0 ;
    %pushi/vec4 7, 7, 3;
    %store/vec4 v000002ca0a029f50_0, 0, 3;
    %pushi/vec4 1, 0, 1;
    %store/vec4 v000002ca0a02a950_0, 0, 1;
    %pushi/vec4 0, 0, 1;
    %store/vec4 v000002ca0a02a8b0_0, 0, 1;
    %pushi/vec4 0, 0, 1;
    %store/vec4 v000002ca0a02abd0_0, 0, 1;
    %pushi/vec4 0, 0, 1;
    %store/vec4 v000002ca0a029690_0, 0, 1;
    %pushi/vec4 0, 0, 1;
    %store/vec4 v000002ca0a029d70_0, 0, 1;
    %pushi/vec4 0, 0, 2;
    %store/vec4 v000002ca0a02a630_0, 0, 2;
    %pushi/vec4 0, 0, 2;
    %store/vec4 v000002ca0a02b210_0, 0, 2;
    %pushi/vec4 0, 0, 1;
    %store/vec4 v000002ca0a02ae50_0, 0, 1;
    %pushi/vec4 0, 0, 1;
    %store/vec4 v000002ca0a02a310_0, 0, 1;
    %load/vec4 v000002ca0a029cd0_0;
    %load/vec4 v000002ca0a029c30_0;
    %concat/vec4; draw_concat_vec4
    %dup/vec4;
    %pushi/vec4 0, 0, 10;
    %cmp/u;
    %jmp/1 T_5.10, 6;
    %dup/vec4;
    %pushi/vec4 256, 0, 10;
    %cmp/u;
    %jmp/1 T_5.11, 6;
    %dup/vec4;
    %pushi/vec4 6, 0, 10;
    %cmp/u;
    %jmp/1 T_5.12, 6;
    %dup/vec4;
    %pushi/vec4 4, 0, 10;
    %cmp/u;
    %jmp/1 T_5.13, 6;
    %dup/vec4;
    %pushi/vec4 7, 0, 10;
    %cmp/u;
    %jmp/1 T_5.14, 6;
    %dup/vec4;
    %pushi/vec4 5, 0, 10;
    %cmp/u;
    %jmp/1 T_5.15, 6;
    %dup/vec4;
    %pushi/vec4 1, 0, 10;
    %cmp/u;
    %jmp/1 T_5.16, 6;
    %dup/vec4;
    %pushi/vec4 261, 0, 10;
    %cmp/u;
    %jmp/1 T_5.17, 6;
    %dup/vec4;
    %pushi/vec4 8, 0, 10;
    %cmp/u;
    %jmp/1 T_5.18, 6;
    %dup/vec4;
    %pushi/vec4 9, 0, 10;
    %cmp/u;
    %jmp/1 T_5.19, 6;
    %dup/vec4;
    %pushi/vec4 11, 0, 10;
    %cmp/u;
    %jmp/1 T_5.20, 6;
    %dup/vec4;
    %pushi/vec4 10, 0, 10;
    %cmp/u;
    %jmp/1 T_5.21, 6;
    %dup/vec4;
    %pushi/vec4 12, 0, 10;
    %cmp/u;
    %jmp/1 T_5.22, 6;
    %dup/vec4;
    %pushi/vec4 13, 0, 10;
    %cmp/u;
    %jmp/1 T_5.23, 6;
    %dup/vec4;
    %pushi/vec4 14, 0, 10;
    %cmp/u;
    %jmp/1 T_5.24, 6;
    %dup/vec4;
    %pushi/vec4 15, 0, 10;
    %cmp/u;
    %jmp/1 T_5.25, 6;
    %dup/vec4;
    %pushi/vec4 2, 0, 10;
    %cmp/u;
    %jmp/1 T_5.26, 6;
    %jmp T_5.27;
T_5.10 ;
    %pushi/vec4 0, 0, 5;
    %store/vec4 v000002ca0a029af0_0, 0, 5;
    %jmp T_5.27;
T_5.11 ;
    %pushi/vec4 1, 0, 5;
    %store/vec4 v000002ca0a029af0_0, 0, 5;
    %jmp T_5.27;
T_5.12 ;
    %pushi/vec4 2, 0, 5;
    %store/vec4 v000002ca0a029af0_0, 0, 5;
    %jmp T_5.27;
T_5.13 ;
    %pushi/vec4 3, 0, 5;
    %store/vec4 v000002ca0a029af0_0, 0, 5;
    %jmp T_5.27;
T_5.14 ;
    %pushi/vec4 4, 0, 5;
    %store/vec4 v000002ca0a029af0_0, 0, 5;
    %jmp T_5.27;
T_5.15 ;
    %pushi/vec4 5, 0, 5;
    %store/vec4 v000002ca0a029af0_0, 0, 5;
    %jmp T_5.27;
T_5.16 ;
    %pushi/vec4 6, 0, 5;
    %store/vec4 v000002ca0a029af0_0, 0, 5;
    %jmp T_5.27;
T_5.17 ;
    %pushi/vec4 7, 0, 5;
    %store/vec4 v000002ca0a029af0_0, 0, 5;
    %jmp T_5.27;
T_5.18 ;
    %pushi/vec4 8, 0, 5;
    %store/vec4 v000002ca0a029af0_0, 0, 5;
    %jmp T_5.27;
T_5.19 ;
    %pushi/vec4 9, 0, 5;
    %store/vec4 v000002ca0a029af0_0, 0, 5;
    %jmp T_5.27;
T_5.20 ;
    %pushi/vec4 10, 0, 5;
    %store/vec4 v000002ca0a029af0_0, 0, 5;
    %jmp T_5.27;
T_5.21 ;
    %pushi/vec4 11, 0, 5;
    %store/vec4 v000002ca0a029af0_0, 0, 5;
    %jmp T_5.27;
T_5.22 ;
    %pushi/vec4 12, 0, 5;
    %store/vec4 v000002ca0a029af0_0, 0, 5;
    %jmp T_5.27;
T_5.23 ;
    %pushi/vec4 13, 0, 5;
    %store/vec4 v000002ca0a029af0_0, 0, 5;
    %jmp T_5.27;
T_5.24 ;
    %pushi/vec4 14, 0, 5;
    %store/vec4 v000002ca0a029af0_0, 0, 5;
    %jmp T_5.27;
T_5.25 ;
    %pushi/vec4 15, 0, 5;
    %store/vec4 v000002ca0a029af0_0, 0, 5;
    %jmp T_5.27;
T_5.26 ;
    %pushi/vec4 16, 0, 5;
    %store/vec4 v000002ca0a029af0_0, 0, 5;
    %jmp T_5.27;
T_5.27 ;
    %pop/vec4 1;
    %jmp T_5.9;
T_5.1 ;
    %pushi/vec4 0, 0, 3;
    %store/vec4 v000002ca0a029f50_0, 0, 3;
    %pushi/vec4 1, 0, 1;
    %store/vec4 v000002ca0a02a950_0, 0, 1;
    %pushi/vec4 0, 0, 1;
    %store/vec4 v000002ca0a02a8b0_0, 0, 1;
    %pushi/vec4 0, 0, 1;
    %store/vec4 v000002ca0a02abd0_0, 0, 1;
    %pushi/vec4 0, 0, 1;
    %store/vec4 v000002ca0a029690_0, 0, 1;
    %pushi/vec4 0, 0, 1;
    %store/vec4 v000002ca0a029d70_0, 0, 1;
    %pushi/vec4 2, 0, 2;
    %store/vec4 v000002ca0a02a630_0, 0, 2;
    %pushi/vec4 0, 0, 2;
    %store/vec4 v000002ca0a02b210_0, 0, 2;
    %pushi/vec4 0, 0, 1;
    %store/vec4 v000002ca0a02ae50_0, 0, 1;
    %pushi/vec4 0, 0, 1;
    %store/vec4 v000002ca0a02a310_0, 0, 1;
    %load/vec4 v000002ca0a029c30_0;
    %dup/vec4;
    %pushi/vec4 0, 0, 3;
    %cmp/u;
    %jmp/1 T_5.28, 6;
    %dup/vec4;
    %pushi/vec4 2, 0, 3;
    %cmp/u;
    %jmp/1 T_5.29, 6;
    %dup/vec4;
    %pushi/vec4 7, 0, 3;
    %cmp/u;
    %jmp/1 T_5.30, 6;
    %dup/vec4;
    %pushi/vec4 6, 0, 3;
    %cmp/u;
    %jmp/1 T_5.31, 6;
    %dup/vec4;
    %pushi/vec4 4, 0, 3;
    %cmp/u;
    %jmp/1 T_5.32, 6;
    %jmp T_5.33;
T_5.28 ;
    %pushi/vec4 0, 0, 5;
    %store/vec4 v000002ca0a029af0_0, 0, 5;
    %jmp T_5.33;
T_5.29 ;
    %pushi/vec4 16, 0, 5;
    %store/vec4 v000002ca0a029af0_0, 0, 5;
    %jmp T_5.33;
T_5.30 ;
    %pushi/vec4 4, 0, 5;
    %store/vec4 v000002ca0a029af0_0, 0, 5;
    %jmp T_5.33;
T_5.31 ;
    %pushi/vec4 2, 0, 5;
    %store/vec4 v000002ca0a029af0_0, 0, 5;
    %jmp T_5.33;
T_5.32 ;
    %pushi/vec4 3, 0, 5;
    %store/vec4 v000002ca0a029af0_0, 0, 5;
    %jmp T_5.33;
T_5.33 ;
    %pop/vec4 1;
    %load/vec4 v000002ca0a029cd0_0;
    %dup/vec4;
    %pushi/vec4 0, 0, 7;
    %cmp/u;
    %jmp/1 T_5.34, 6;
    %dup/vec4;
    %pushi/vec4 32, 0, 7;
    %cmp/u;
    %jmp/1 T_5.35, 6;
    %jmp T_5.36;
T_5.34 ;
    %load/vec4 v000002ca0a029c30_0;
    %dup/vec4;
    %pushi/vec4 1, 0, 3;
    %cmp/u;
    %jmp/1 T_5.37, 6;
    %dup/vec4;
    %pushi/vec4 5, 0, 3;
    %cmp/u;
    %jmp/1 T_5.38, 6;
    %jmp T_5.39;
T_5.37 ;
    %pushi/vec4 6, 0, 5;
    %store/vec4 v000002ca0a029af0_0, 0, 5;
    %jmp T_5.39;
T_5.38 ;
    %pushi/vec4 5, 0, 5;
    %store/vec4 v000002ca0a029af0_0, 0, 5;
    %jmp T_5.39;
T_5.39 ;
    %pop/vec4 1;
    %jmp T_5.36;
T_5.35 ;
    %load/vec4 v000002ca0a029c30_0;
    %dup/vec4;
    %pushi/vec4 5, 0, 3;
    %cmp/u;
    %jmp/1 T_5.40, 6;
    %jmp T_5.41;
T_5.40 ;
    %pushi/vec4 7, 0, 5;
    %store/vec4 v000002ca0a029af0_0, 0, 5;
    %jmp T_5.41;
T_5.41 ;
    %pop/vec4 1;
    %jmp T_5.36;
T_5.36 ;
    %pop/vec4 1;
    %jmp T_5.9;
T_5.2 ;
    %pushi/vec4 0, 0, 3;
    %store/vec4 v000002ca0a029f50_0, 0, 3;
    %pushi/vec4 1, 0, 1;
    %store/vec4 v000002ca0a02a950_0, 0, 1;
    %pushi/vec4 1, 0, 1;
    %store/vec4 v000002ca0a02a8b0_0, 0, 1;
    %pushi/vec4 0, 0, 1;
    %store/vec4 v000002ca0a02abd0_0, 0, 1;
    %pushi/vec4 1, 0, 1;
    %store/vec4 v000002ca0a029690_0, 0, 1;
    %pushi/vec4 0, 0, 1;
    %store/vec4 v000002ca0a029d70_0, 0, 1;
    %pushi/vec4 2, 0, 2;
    %store/vec4 v000002ca0a02a630_0, 0, 2;
    %pushi/vec4 0, 0, 2;
    %store/vec4 v000002ca0a02b210_0, 0, 2;
    %pushi/vec4 0, 0, 1;
    %store/vec4 v000002ca0a02ae50_0, 0, 1;
    %pushi/vec4 0, 0, 1;
    %store/vec4 v000002ca0a02a310_0, 0, 1;
    %pushi/vec4 0, 0, 5;
    %store/vec4 v000002ca0a029af0_0, 0, 5;
    %jmp T_5.9;
T_5.3 ;
    %pushi/vec4 1, 0, 3;
    %store/vec4 v000002ca0a029f50_0, 0, 3;
    %pushi/vec4 0, 0, 1;
    %store/vec4 v000002ca0a02a950_0, 0, 1;
    %pushi/vec4 1, 0, 1;
    %store/vec4 v000002ca0a02a8b0_0, 0, 1;
    %pushi/vec4 1, 0, 1;
    %store/vec4 v000002ca0a02abd0_0, 0, 1;
    %pushi/vec4 0, 0, 1;
    %store/vec4 v000002ca0a029690_0, 0, 1;
    %pushi/vec4 0, 0, 1;
    %store/vec4 v000002ca0a029d70_0, 0, 1;
    %pushi/vec4 2, 0, 2;
    %store/vec4 v000002ca0a02a630_0, 0, 2;
    %pushi/vec4 0, 0, 2;
    %store/vec4 v000002ca0a02b210_0, 0, 2;
    %pushi/vec4 0, 0, 1;
    %store/vec4 v000002ca0a02ae50_0, 0, 1;
    %pushi/vec4 0, 0, 1;
    %store/vec4 v000002ca0a02a310_0, 0, 1;
    %pushi/vec4 0, 0, 5;
    %store/vec4 v000002ca0a029af0_0, 0, 5;
    %jmp T_5.9;
T_5.4 ;
    %pushi/vec4 2, 0, 3;
    %store/vec4 v000002ca0a029f50_0, 0, 3;
    %pushi/vec4 1, 0, 1;
    %store/vec4 v000002ca0a02a950_0, 0, 1;
    %pushi/vec4 0, 0, 1;
    %store/vec4 v000002ca0a02a8b0_0, 0, 1;
    %pushi/vec4 0, 0, 1;
    %store/vec4 v000002ca0a02abd0_0, 0, 1;
    %pushi/vec4 0, 0, 1;
    %store/vec4 v000002ca0a029690_0, 0, 1;
    %pushi/vec4 1, 0, 1;
    %store/vec4 v000002ca0a029d70_0, 0, 1;
    %pushi/vec4 2, 0, 2;
    %store/vec4 v000002ca0a02a630_0, 0, 2;
    %pushi/vec4 2, 0, 2;
    %store/vec4 v000002ca0a02b210_0, 0, 2;
    %pushi/vec4 0, 0, 1;
    %store/vec4 v000002ca0a02ae50_0, 0, 1;
    %pushi/vec4 1, 0, 1;
    %store/vec4 v000002ca0a02a310_0, 0, 1;
    %pushi/vec4 0, 0, 5;
    %store/vec4 v000002ca0a029af0_0, 0, 5;
    %jmp T_5.9;
T_5.5 ;
    %pushi/vec4 0, 0, 3;
    %store/vec4 v000002ca0a029f50_0, 0, 3;
    %pushi/vec4 1, 0, 1;
    %store/vec4 v000002ca0a02a950_0, 0, 1;
    %pushi/vec4 0, 0, 1;
    %store/vec4 v000002ca0a02a8b0_0, 0, 1;
    %pushi/vec4 0, 0, 1;
    %store/vec4 v000002ca0a02abd0_0, 0, 1;
    %pushi/vec4 0, 0, 1;
    %store/vec4 v000002ca0a029690_0, 0, 1;
    %pushi/vec4 1, 0, 1;
    %store/vec4 v000002ca0a029d70_0, 0, 1;
    %pushi/vec4 2, 0, 2;
    %store/vec4 v000002ca0a02a630_0, 0, 2;
    %pushi/vec4 0, 0, 2;
    %store/vec4 v000002ca0a02b210_0, 0, 2;
    %pushi/vec4 0, 0, 1;
    %store/vec4 v000002ca0a02ae50_0, 0, 1;
    %pushi/vec4 1, 0, 1;
    %store/vec4 v000002ca0a02a310_0, 0, 1;
    %pushi/vec4 0, 0, 5;
    %store/vec4 v000002ca0a029af0_0, 0, 5;
    %jmp T_5.9;
T_5.6 ;
    %pushi/vec4 3, 0, 3;
    %store/vec4 v000002ca0a029f50_0, 0, 3;
    %pushi/vec4 1, 0, 1;
    %store/vec4 v000002ca0a02a950_0, 0, 1;
    %pushi/vec4 0, 0, 1;
    %store/vec4 v000002ca0a02a8b0_0, 0, 1;
    %pushi/vec4 0, 0, 1;
    %store/vec4 v000002ca0a02abd0_0, 0, 1;
    %pushi/vec4 0, 0, 1;
    %store/vec4 v000002ca0a029690_0, 0, 1;
    %pushi/vec4 0, 0, 1;
    %store/vec4 v000002ca0a029d70_0, 0, 1;
    %pushi/vec4 2, 0, 2;
    %store/vec4 v000002ca0a02a630_0, 0, 2;
    %pushi/vec4 0, 0, 2;
    %store/vec4 v000002ca0a02b210_0, 0, 2;
    %pushi/vec4 0, 0, 1;
    %store/vec4 v000002ca0a02ae50_0, 0, 1;
    %pushi/vec4 0, 0, 1;
    %store/vec4 v000002ca0a02a310_0, 0, 1;
    %pushi/vec4 17, 0, 5;
    %store/vec4 v000002ca0a029af0_0, 0, 5;
    %jmp T_5.9;
T_5.7 ;
    %pushi/vec4 3, 0, 3;
    %store/vec4 v000002ca0a029f50_0, 0, 3;
    %pushi/vec4 1, 0, 1;
    %store/vec4 v000002ca0a02a950_0, 0, 1;
    %pushi/vec4 0, 0, 1;
    %store/vec4 v000002ca0a02a8b0_0, 0, 1;
    %pushi/vec4 0, 0, 1;
    %store/vec4 v000002ca0a02abd0_0, 0, 1;
    %pushi/vec4 0, 0, 1;
    %store/vec4 v000002ca0a029690_0, 0, 1;
    %pushi/vec4 0, 0, 1;
    %store/vec4 v000002ca0a029d70_0, 0, 1;
    %pushi/vec4 2, 0, 2;
    %store/vec4 v000002ca0a02a630_0, 0, 2;
    %pushi/vec4 2, 0, 2;
    %store/vec4 v000002ca0a02b210_0, 0, 2;
    %pushi/vec4 0, 0, 1;
    %store/vec4 v000002ca0a02ae50_0, 0, 1;
    %pushi/vec4 0, 0, 1;
    %store/vec4 v000002ca0a02a310_0, 0, 1;
    %pushi/vec4 0, 0, 5;
    %store/vec4 v000002ca0a029af0_0, 0, 5;
    %jmp T_5.9;
T_5.8 ;
    %pushi/vec4 4, 0, 3;
    %store/vec4 v000002ca0a029f50_0, 0, 3;
    %pushi/vec4 0, 0, 1;
    %store/vec4 v000002ca0a02a950_0, 0, 1;
    %pushi/vec4 0, 0, 1;
    %store/vec4 v000002ca0a02a8b0_0, 0, 1;
    %pushi/vec4 0, 0, 1;
    %store/vec4 v000002ca0a02abd0_0, 0, 1;
    %pushi/vec4 0, 0, 1;
    %store/vec4 v000002ca0a029690_0, 0, 1;
    %pushi/vec4 0, 0, 1;
    %store/vec4 v000002ca0a029d70_0, 0, 1;
    %pushi/vec4 2, 0, 2;
    %store/vec4 v000002ca0a02a630_0, 0, 2;
    %pushi/vec4 2, 0, 2;
    %store/vec4 v000002ca0a02b210_0, 0, 2;
    %pushi/vec4 1, 0, 1;
    %store/vec4 v000002ca0a02ae50_0, 0, 1;
    %pushi/vec4 0, 0, 1;
    %store/vec4 v000002ca0a02a310_0, 0, 1;
    %pushi/vec4 0, 0, 5;
    %store/vec4 v000002ca0a029af0_0, 0, 5;
    %jmp T_5.9;
T_5.9 ;
    %pop/vec4 1;
    %jmp T_5;
    .thread T_5, $push;
    .scope S_000002ca09f0e3a0;
T_6 ;
    %wait E_000002ca09fa8520;
    %load/vec4 v000002ca0a01cd70_0;
    %cmpi/e 51, 0, 7;
    %jmp/0xz  T_6.0, 4;
    %load/vec4 v000002ca0a01ba10_0;
    %load/vec4 v000002ca0a01bd30_0;
    %cmp/e;
    %flag_get/vec4 4;
    %jmp/0 T_6.4, 4;
    %load/vec4 v000002ca0a01ceb0_0;
    %load/vec4 v000002ca0a01bd30_0;
    %cmp/ne;
    %flag_get/vec4 4;
    %and;
T_6.4;
    %flag_set/vec4 8;
    %jmp/0xz  T_6.2, 8;
    %pushi/vec4 3, 0, 2;
    %store/vec4 v000002ca0a01c190_0, 0, 2;
    %load/vec4 v000002ca0a01ccd0_0;
    %store/vec4 v000002ca0a01c2d0_0, 0, 2;
    %jmp T_6.3;
T_6.2 ;
    %load/vec4 v000002ca0a01ba10_0;
    %load/vec4 v000002ca0a01bd30_0;
    %cmp/ne;
    %flag_get/vec4 4;
    %jmp/0 T_6.7, 4;
    %load/vec4 v000002ca0a01ceb0_0;
    %load/vec4 v000002ca0a01bd30_0;
    %cmp/e;
    %flag_get/vec4 4;
    %and;
T_6.7;
    %flag_set/vec4 8;
    %jmp/0xz  T_6.5, 8;
    %load/vec4 v000002ca0a01c5f0_0;
    %store/vec4 v000002ca0a01c190_0, 0, 2;
    %pushi/vec4 3, 0, 2;
    %store/vec4 v000002ca0a01c2d0_0, 0, 2;
    %jmp T_6.6;
T_6.5 ;
    %load/vec4 v000002ca0a01ba10_0;
    %load/vec4 v000002ca0a01bd30_0;
    %cmp/e;
    %flag_get/vec4 4;
    %jmp/0 T_6.10, 4;
    %load/vec4 v000002ca0a01ceb0_0;
    %load/vec4 v000002ca0a01bd30_0;
    %cmp/e;
    %flag_get/vec4 4;
    %and;
T_6.10;
    %flag_set/vec4 8;
    %jmp/0xz  T_6.8, 8;
    %pushi/vec4 3, 0, 2;
    %store/vec4 v000002ca0a01c190_0, 0, 2;
    %pushi/vec4 3, 0, 2;
    %store/vec4 v000002ca0a01c2d0_0, 0, 2;
    %jmp T_6.9;
T_6.8 ;
    %load/vec4 v000002ca0a01c5f0_0;
    %store/vec4 v000002ca0a01c190_0, 0, 2;
    %load/vec4 v000002ca0a01ccd0_0;
    %store/vec4 v000002ca0a01c2d0_0, 0, 2;
T_6.9 ;
T_6.6 ;
T_6.3 ;
    %load/vec4 v000002ca0a01c370_0;
    %store/vec4 v000002ca0a01bd30_0, 0, 5;
    %jmp T_6.1;
T_6.0 ;
    %load/vec4 v000002ca0a01c5f0_0;
    %store/vec4 v000002ca0a01c190_0, 0, 2;
    %load/vec4 v000002ca0a01ccd0_0;
    %store/vec4 v000002ca0a01c2d0_0, 0, 2;
    %load/vec4 v000002ca0a01c370_0;
    %store/vec4 v000002ca0a01bd30_0, 0, 5;
T_6.1 ;
    %jmp T_6;
    .thread T_6, $push;
    .scope S_000002ca0a02b6a0;
T_7 ;
    %wait E_000002ca09faa0a0;
    %load/vec4 v000002ca0a031e80_0;
    %flag_set/vec4 8;
    %jmp/0xz  T_7.0, 8;
    %delay 1, 0;
    %pushi/vec4 0, 0, 32;
    %ix/load 3, 0, 0;
    %flag_set/imm 4, 0;
    %ix/load 4, 0, 0; Constant delay
    %assign/vec4/a/d v000002ca0a031ca0, 0, 4;
    %pushi/vec4 0, 0, 32;
    %ix/load 3, 1, 0;
    %flag_set/imm 4, 0;
    %ix/load 4, 0, 0; Constant delay
    %assign/vec4/a/d v000002ca0a031ca0, 0, 4;
    %pushi/vec4 0, 0, 32;
    %ix/load 3, 2, 0;
    %flag_set/imm 4, 0;
    %ix/load 4, 0, 0; Constant delay
    %assign/vec4/a/d v000002ca0a031ca0, 0, 4;
    %pushi/vec4 0, 0, 32;
    %ix/load 3, 3, 0;
    %flag_set/imm 4, 0;
    %ix/load 4, 0, 0; Constant delay
    %assign/vec4/a/d v000002ca0a031ca0, 0, 4;
    %pushi/vec4 0, 0, 32;
    %ix/load 3, 4, 0;
    %flag_set/imm 4, 0;
    %ix/load 4, 0, 0; Constant delay
    %assign/vec4/a/d v000002ca0a031ca0, 0, 4;
    %pushi/vec4 0, 0, 32;
    %ix/load 3, 5, 0;
    %flag_set/imm 4, 0;
    %ix/load 4, 0, 0; Constant delay
    %assign/vec4/a/d v000002ca0a031ca0, 0, 4;
    %pushi/vec4 0, 0, 32;
    %ix/load 3, 6, 0;
    %flag_set/imm 4, 0;
    %ix/load 4, 0, 0; Constant delay
    %assign/vec4/a/d v000002ca0a031ca0, 0, 4;
    %pushi/vec4 0, 0, 32;
    %ix/load 3, 7, 0;
    %flag_set/imm 4, 0;
    %ix/load 4, 0, 0; Constant delay
    %assign/vec4/a/d v000002ca0a031ca0, 0, 4;
    %pushi/vec4 0, 0, 32;
    %ix/load 3, 8, 0;
    %flag_set/imm 4, 0;
    %ix/load 4, 0, 0; Constant delay
    %assign/vec4/a/d v000002ca0a031ca0, 0, 4;
    %pushi/vec4 0, 0, 32;
    %ix/load 3, 9, 0;
    %flag_set/imm 4, 0;
    %ix/load 4, 0, 0; Constant delay
    %assign/vec4/a/d v000002ca0a031ca0, 0, 4;
    %pushi/vec4 0, 0, 32;
    %ix/load 3, 10, 0;
    %flag_set/imm 4, 0;
    %ix/load 4, 0, 0; Constant delay
    %assign/vec4/a/d v000002ca0a031ca0, 0, 4;
    %pushi/vec4 0, 0, 32;
    %ix/load 3, 11, 0;
    %flag_set/imm 4, 0;
    %ix/load 4, 0, 0; Constant delay
    %assign/vec4/a/d v000002ca0a031ca0, 0, 4;
    %pushi/vec4 0, 0, 32;
    %ix/load 3, 12, 0;
    %flag_set/imm 4, 0;
    %ix/load 4, 0, 0; Constant delay
    %assign/vec4/a/d v000002ca0a031ca0, 0, 4;
    %pushi/vec4 0, 0, 32;
    %ix/load 3, 13, 0;
    %flag_set/imm 4, 0;
    %ix/load 4, 0, 0; Constant delay
    %assign/vec4/a/d v000002ca0a031ca0, 0, 4;
    %pushi/vec4 0, 0, 32;
    %ix/load 3, 14, 0;
    %flag_set/imm 4, 0;
    %ix/load 4, 0, 0; Constant delay
    %assign/vec4/a/d v000002ca0a031ca0, 0, 4;
    %pushi/vec4 0, 0, 32;
    %ix/load 3, 15, 0;
    %flag_set/imm 4, 0;
    %ix/load 4, 0, 0; Constant delay
    %assign/vec4/a/d v000002ca0a031ca0, 0, 4;
    %pushi/vec4 0, 0, 32;
    %ix/load 3, 16, 0;
    %flag_set/imm 4, 0;
    %ix/load 4, 0, 0; Constant delay
    %assign/vec4/a/d v000002ca0a031ca0, 0, 4;
    %pushi/vec4 0, 0, 32;
    %ix/load 3, 17, 0;
    %flag_set/imm 4, 0;
    %ix/load 4, 0, 0; Constant delay
    %assign/vec4/a/d v000002ca0a031ca0, 0, 4;
    %pushi/vec4 0, 0, 32;
    %ix/load 3, 18, 0;
    %flag_set/imm 4, 0;
    %ix/load 4, 0, 0; Constant delay
    %assign/vec4/a/d v000002ca0a031ca0, 0, 4;
    %pushi/vec4 0, 0, 32;
    %ix/load 3, 19, 0;
    %flag_set/imm 4, 0;
    %ix/load 4, 0, 0; Constant delay
    %assign/vec4/a/d v000002ca0a031ca0, 0, 4;
    %pushi/vec4 0, 0, 32;
    %ix/load 3, 20, 0;
    %flag_set/imm 4, 0;
    %ix/load 4, 0, 0; Constant delay
    %assign/vec4/a/d v000002ca0a031ca0, 0, 4;
    %pushi/vec4 0, 0, 32;
    %ix/load 3, 21, 0;
    %flag_set/imm 4, 0;
    %ix/load 4, 0, 0; Constant delay
    %assign/vec4/a/d v000002ca0a031ca0, 0, 4;
    %pushi/vec4 0, 0, 32;
    %ix/load 3, 22, 0;
    %flag_set/imm 4, 0;
    %ix/load 4, 0, 0; Constant delay
    %assign/vec4/a/d v000002ca0a031ca0, 0, 4;
    %pushi/vec4 0, 0, 32;
    %ix/load 3, 23, 0;
    %flag_set/imm 4, 0;
    %ix/load 4, 0, 0; Constant delay
    %assign/vec4/a/d v000002ca0a031ca0, 0, 4;
    %pushi/vec4 0, 0, 32;
    %ix/load 3, 24, 0;
    %flag_set/imm 4, 0;
    %ix/load 4, 0, 0; Constant delay
    %assign/vec4/a/d v000002ca0a031ca0, 0, 4;
    %pushi/vec4 0, 0, 32;
    %ix/load 3, 25, 0;
    %flag_set/imm 4, 0;
    %ix/load 4, 0, 0; Constant delay
    %assign/vec4/a/d v000002ca0a031ca0, 0, 4;
    %pushi/vec4 0, 0, 32;
    %ix/load 3, 26, 0;
    %flag_set/imm 4, 0;
    %ix/load 4, 0, 0; Constant delay
    %assign/vec4/a/d v000002ca0a031ca0, 0, 4;
    %pushi/vec4 0, 0, 32;
    %ix/load 3, 27, 0;
    %flag_set/imm 4, 0;
    %ix/load 4, 0, 0; Constant delay
    %assign/vec4/a/d v000002ca0a031ca0, 0, 4;
    %pushi/vec4 0, 0, 32;
    %ix/load 3, 28, 0;
    %flag_set/imm 4, 0;
    %ix/load 4, 0, 0; Constant delay
    %assign/vec4/a/d v000002ca0a031ca0, 0, 4;
    %pushi/vec4 0, 0, 32;
    %ix/load 3, 29, 0;
    %flag_set/imm 4, 0;
    %ix/load 4, 0, 0; Constant delay
    %assign/vec4/a/d v000002ca0a031ca0, 0, 4;
    %pushi/vec4 0, 0, 32;
    %ix/load 3, 30, 0;
    %flag_set/imm 4, 0;
    %ix/load 4, 0, 0; Constant delay
    %assign/vec4/a/d v000002ca0a031ca0, 0, 4;
    %pushi/vec4 0, 0, 32;
    %ix/load 3, 31, 0;
    %flag_set/imm 4, 0;
    %ix/load 4, 0, 0; Constant delay
    %assign/vec4/a/d v000002ca0a031ca0, 0, 4;
    %jmp T_7.1;
T_7.0 ;
    %load/vec4 v000002ca0a0318e0_0;
    %flag_set/vec4 9;
    %flag_get/vec4 9;
    %jmp/0 T_7.4, 9;
    %load/vec4 v000002ca0a0315c0_0;
    %pushi/vec4 0, 0, 5;
    %cmp/ne;
    %flag_get/vec4 4;
    %and;
T_7.4;
    %flag_set/vec4 8;
    %jmp/0xz  T_7.2, 8;
    %delay 1, 0;
    %load/vec4 v000002ca0a031a20_0;
    %load/vec4 v000002ca0a0315c0_0;
    %pad/u 7;
    %ix/vec4 3;
    %ix/load 4, 0, 0; Constant delay
    %assign/vec4/a/d v000002ca0a031ca0, 0, 4;
T_7.2 ;
T_7.1 ;
    %jmp T_7;
    .thread T_7, $push;
    .scope S_000002ca0a02b6a0;
T_8 ;
    %wait E_000002ca09faa1e0;
    %delay 2, 0;
    %load/vec4 v000002ca0a030c60_0;
    %pad/u 7;
    %ix/vec4 4;
    %load/vec4a v000002ca0a031ca0, 4;
    %assign/vec4 v000002ca0a032060_0, 0;
    %load/vec4 v000002ca0a031520_0;
    %pad/u 7;
    %ix/vec4 4;
    %load/vec4a v000002ca0a031ca0, 4;
    %assign/vec4 v000002ca0a032100_0, 0;
    %jmp T_8;
    .thread T_8, $push;
    .scope S_000002ca0a02c190;
T_9 ;
    %wait E_000002ca09faafa0;
    %delay 2, 0;
    %load/vec4 v000002ca0a02b2b0_0;
    %dup/vec4;
    %pushi/vec4 0, 0, 3;
    %cmp/u;
    %jmp/1 T_9.0, 6;
    %dup/vec4;
    %pushi/vec4 1, 0, 3;
    %cmp/u;
    %jmp/1 T_9.1, 6;
    %dup/vec4;
    %pushi/vec4 2, 0, 3;
    %cmp/u;
    %jmp/1 T_9.2, 6;
    %dup/vec4;
    %pushi/vec4 3, 0, 3;
    %cmp/u;
    %jmp/1 T_9.3, 6;
    %dup/vec4;
    %pushi/vec4 4, 0, 3;
    %cmp/u;
    %jmp/1 T_9.4, 6;
    %jmp T_9.5;
T_9.0 ;
    %load/vec4 v000002ca0a029b90_0;
    %parti/s 1, 31, 6;
    %replicate 21;
    %load/vec4 v000002ca0a029b90_0;
    %parti/s 6, 25, 6;
    %concat/vec4; draw_concat_vec4
    %load/vec4 v000002ca0a029b90_0;
    %parti/s 4, 21, 6;
    %concat/vec4; draw_concat_vec4
    %load/vec4 v000002ca0a029b90_0;
    %parti/s 1, 20, 6;
    %concat/vec4; draw_concat_vec4
    %store/vec4 v000002ca0a029a50_0, 0, 32;
    %jmp T_9.5;
T_9.1 ;
    %load/vec4 v000002ca0a029b90_0;
    %parti/s 1, 31, 6;
    %replicate 21;
    %load/vec4 v000002ca0a029b90_0;
    %parti/s 6, 25, 6;
    %concat/vec4; draw_concat_vec4
    %load/vec4 v000002ca0a029b90_0;
    %parti/s 4, 8, 5;
    %concat/vec4; draw_concat_vec4
    %load/vec4 v000002ca0a029b90_0;
    %parti/s 1, 7, 4;
    %concat/vec4; draw_concat_vec4
    %store/vec4 v000002ca0a029a50_0, 0, 32;
    %jmp T_9.5;
T_9.2 ;
    %load/vec4 v000002ca0a029b90_0;
    %parti/s 1, 31, 6;
    %replicate 12;
    %load/vec4 v000002ca0a029b90_0;
    %parti/s 8, 12, 5;
    %concat/vec4; draw_concat_vec4
    %load/vec4 v000002ca0a029b90_0;
    %parti/s 1, 20, 6;
    %concat/vec4; draw_concat_vec4
    %load/vec4 v000002ca0a029b90_0;
    %parti/s 6, 25, 6;
    %concat/vec4; draw_concat_vec4
    %load/vec4 v000002ca0a029b90_0;
    %parti/s 4, 21, 6;
    %concat/vec4; draw_concat_vec4
    %concati/vec4 0, 0, 1;
    %store/vec4 v000002ca0a029a50_0, 0, 32;
    %jmp T_9.5;
T_9.3 ;
    %load/vec4 v000002ca0a029b90_0;
    %parti/s 1, 31, 6;
    %load/vec4 v000002ca0a029b90_0;
    %parti/s 11, 20, 6;
    %concat/vec4; draw_concat_vec4
    %load/vec4 v000002ca0a029b90_0;
    %parti/s 8, 12, 5;
    %concat/vec4; draw_concat_vec4
    %concati/vec4 0, 0, 12;
    %store/vec4 v000002ca0a029a50_0, 0, 32;
    %jmp T_9.5;
T_9.4 ;
    %load/vec4 v000002ca0a029b90_0;
    %parti/s 1, 31, 6;
    %replicate 20;
    %load/vec4 v000002ca0a029b90_0;
    %parti/s 1, 7, 4;
    %concat/vec4; draw_concat_vec4
    %load/vec4 v000002ca0a029b90_0;
    %parti/s 6, 25, 6;
    %concat/vec4; draw_concat_vec4
    %load/vec4 v000002ca0a029b90_0;
    %parti/s 4, 8, 5;
    %concat/vec4; draw_concat_vec4
    %concati/vec4 0, 0, 1;
    %store/vec4 v000002ca0a029a50_0, 0, 32;
    %jmp T_9.5;
T_9.5 ;
    %pop/vec4 1;
    %jmp T_9;
    .thread T_9, $push;
    .scope S_000002ca09d5e7a0;
T_10 ;
    %wait E_000002ca09fa8c20;
    %load/vec4 v000002ca0a0277c0_0;
    %pad/u 32;
    %cmpi/e 1, 0, 32;
    %jmp/0xz  T_10.0, 4;
    %delay 1, 0;
    %pushi/vec4 1, 1, 1;
    %assign/vec4 v000002ca0a029480_0, 0;
    %pushi/vec4 1, 1, 1;
    %assign/vec4 v000002ca0a029340_0, 0;
    %pushi/vec4 1, 1, 1;
    %assign/vec4 v000002ca0a028bc0_0, 0;
    %pushi/vec4 1, 1, 1;
    %assign/vec4 v000002ca0a0293e0_0, 0;
    %pushi/vec4 1, 1, 1;
    %assign/vec4 v000002ca0a028120_0, 0;
    %pushi/vec4 3, 3, 2;
    %assign/vec4 v000002ca0a028c60_0, 0;
    %pushi/vec4 3, 3, 2;
    %assign/vec4 v000002ca0a027720_0, 0;
    %pushi/vec4 1, 1, 1;
    %assign/vec4 v000002ca0a028ee0_0, 0;
    %pushi/vec4 1, 1, 1;
    %assign/vec4 v000002ca0a0286c0_0, 0;
    %pushi/vec4 31, 31, 5;
    %assign/vec4 v000002ca0a028e40_0, 0;
    %pushi/vec4 4294967295, 4294967295, 32;
    %assign/vec4 v000002ca0a027860_0, 0;
    %pushi/vec4 4294967295, 4294967295, 32;
    %assign/vec4 v000002ca0a028a80_0, 0;
    %pushi/vec4 4294967295, 4294967295, 32;
    %assign/vec4 v000002ca0a028f80_0, 0;
    %pushi/vec4 4294967295, 4294967295, 32;
    %assign/vec4 v000002ca0a0292a0_0, 0;
    %pushi/vec4 31, 31, 5;
    %assign/vec4 v000002ca0a029200_0, 0;
    %pushi/vec4 7, 7, 3;
    %assign/vec4 v000002ca0a0284e0_0, 0;
    %pushi/vec4 4294967295, 4294967295, 32;
    %assign/vec4 v000002ca0a027680_0, 0;
    %jmp T_10.1;
T_10.0 ;
    %delay 2, 0;
    %load/vec4 v000002ca0a029520_0;
    %assign/vec4 v000002ca0a029480_0, 0;
    %load/vec4 v000002ca0a027ae0_0;
    %assign/vec4 v000002ca0a029340_0, 0;
    %load/vec4 v000002ca0a028260_0;
    %assign/vec4 v000002ca0a028bc0_0, 0;
    %load/vec4 v000002ca0a028b20_0;
    %assign/vec4 v000002ca0a0293e0_0, 0;
    %load/vec4 v000002ca0a01bfb0_0;
    %assign/vec4 v000002ca0a028120_0, 0;
    %load/vec4 v000002ca0a01d270_0;
    %assign/vec4 v000002ca0a028c60_0, 0;
    %load/vec4 v000002ca0a028300_0;
    %assign/vec4 v000002ca0a027720_0, 0;
    %load/vec4 v000002ca0a01c690_0;
    %assign/vec4 v000002ca0a028ee0_0, 0;
    %load/vec4 v000002ca0a01d3b0_0;
    %assign/vec4 v000002ca0a0286c0_0, 0;
    %load/vec4 v000002ca0a01bb50_0;
    %assign/vec4 v000002ca0a028e40_0, 0;
    %load/vec4 v000002ca0a027cc0_0;
    %assign/vec4 v000002ca0a027860_0, 0;
    %load/vec4 v000002ca0a027900_0;
    %assign/vec4 v000002ca0a028a80_0, 0;
    %load/vec4 v000002ca0a01c9b0_0;
    %assign/vec4 v000002ca0a028f80_0, 0;
    %load/vec4 v000002ca0a01cf50_0;
    %assign/vec4 v000002ca0a0292a0_0, 0;
    %load/vec4 v000002ca0a028d00_0;
    %parti/s 5, 7, 4;
    %assign/vec4 v000002ca0a029200_0, 0;
    %load/vec4 v000002ca0a028d00_0;
    %parti/s 3, 12, 5;
    %assign/vec4 v000002ca0a0284e0_0, 0;
    %load/vec4 v000002ca0a01bbf0_0;
    %assign/vec4 v000002ca0a027680_0, 0;
T_10.1 ;
    %jmp T_10;
    .thread T_10;
    .scope S_000002ca09f29790;
T_11 ;
    %wait E_000002ca09fa6360;
    %load/vec4 v000002ca0a01b650_0;
    %cmpi/e 0, 0, 2;
    %jmp/0xz  T_11.0, 4;
    %load/vec4 v000002ca0a01d450_0;
    %store/vec4 v000002ca0a01c050_0, 0, 32;
    %jmp T_11.1;
T_11.0 ;
    %load/vec4 v000002ca0a01b650_0;
    %cmpi/e 3, 0, 2;
    %jmp/0xz  T_11.2, 4;
    %load/vec4 v000002ca0a01c870_0;
    %store/vec4 v000002ca0a01c050_0, 0, 32;
    %jmp T_11.3;
T_11.2 ;
    %load/vec4 v000002ca0a01c730_0;
    %store/vec4 v000002ca0a01c050_0, 0, 32;
T_11.3 ;
T_11.1 ;
    %jmp T_11;
    .thread T_11, $push;
    .scope S_000002ca09f29920;
T_12 ;
    %wait E_000002ca09fa7aa0;
    %load/vec4 v000002ca0a01b6f0_0;
    %cmpi/e 0, 0, 2;
    %jmp/0xz  T_12.0, 4;
    %load/vec4 v000002ca0a01ca50_0;
    %store/vec4 v000002ca0a01cc30_0, 0, 32;
    %jmp T_12.1;
T_12.0 ;
    %load/vec4 v000002ca0a01b6f0_0;
    %cmpi/e 3, 0, 2;
    %jmp/0xz  T_12.2, 4;
    %load/vec4 v000002ca0a01c0f0_0;
    %store/vec4 v000002ca0a01cc30_0, 0, 32;
    %jmp T_12.3;
T_12.2 ;
    %load/vec4 v000002ca0a01cb90_0;
    %store/vec4 v000002ca0a01cc30_0, 0, 32;
T_12.3 ;
T_12.1 ;
    %jmp T_12;
    .thread T_12, $push;
    .scope S_000002ca09f466a0;
T_13 ;
    %wait E_000002ca09fa5620;
    %load/vec4 v000002ca09fbe290_0;
    %dup/vec4;
    %pushi/vec4 0, 0, 5;
    %cmp/u;
    %jmp/1 T_13.0, 6;
    %dup/vec4;
    %pushi/vec4 1, 0, 5;
    %cmp/u;
    %jmp/1 T_13.1, 6;
    %dup/vec4;
    %pushi/vec4 2, 0, 5;
    %cmp/u;
    %jmp/1 T_13.2, 6;
    %dup/vec4;
    %pushi/vec4 3, 0, 5;
    %cmp/u;
    %jmp/1 T_13.3, 6;
    %dup/vec4;
    %pushi/vec4 4, 0, 5;
    %cmp/u;
    %jmp/1 T_13.4, 6;
    %dup/vec4;
    %pushi/vec4 5, 0, 5;
    %cmp/u;
    %jmp/1 T_13.5, 6;
    %dup/vec4;
    %pushi/vec4 6, 0, 5;
    %cmp/u;
    %jmp/1 T_13.6, 6;
    %dup/vec4;
    %pushi/vec4 7, 0, 5;
    %cmp/u;
    %jmp/1 T_13.7, 6;
    %dup/vec4;
    %pushi/vec4 8, 0, 5;
    %cmp/u;
    %jmp/1 T_13.8, 6;
    %dup/vec4;
    %pushi/vec4 9, 0, 5;
    %cmp/u;
    %jmp/1 T_13.9, 6;
    %dup/vec4;
    %pushi/vec4 10, 0, 5;
    %cmp/u;
    %jmp/1 T_13.10, 6;
    %dup/vec4;
    %pushi/vec4 11, 0, 5;
    %cmp/u;
    %jmp/1 T_13.11, 6;
    %dup/vec4;
    %pushi/vec4 12, 0, 5;
    %cmp/u;
    %jmp/1 T_13.12, 6;
    %dup/vec4;
    %pushi/vec4 13, 0, 5;
    %cmp/u;
    %jmp/1 T_13.13, 6;
    %dup/vec4;
    %pushi/vec4 14, 0, 5;
    %cmp/u;
    %jmp/1 T_13.14, 6;
    %dup/vec4;
    %pushi/vec4 15, 0, 5;
    %cmp/u;
    %jmp/1 T_13.15, 6;
    %dup/vec4;
    %pushi/vec4 16, 0, 5;
    %cmp/u;
    %jmp/1 T_13.16, 6;
    %dup/vec4;
    %pushi/vec4 17, 0, 5;
    %cmp/u;
    %jmp/1 T_13.17, 6;
    %delay 1, 0;
    %pushi/vec4 0, 0, 32;
    %store/vec4 v000002ca09fbe330_0, 0, 32;
    %jmp T_13.19;
T_13.0 ;
    %delay 2, 0;
    %load/vec4 v000002ca09fbee70_0;
    %load/vec4 v000002ca09fbfe10_0;
    %add;
    %store/vec4 v000002ca09fbe330_0, 0, 32;
    %jmp T_13.19;
T_13.1 ;
    %delay 2, 0;
    %load/vec4 v000002ca09fbee70_0;
    %load/vec4 v000002ca09fbfe10_0;
    %sub;
    %store/vec4 v000002ca09fbe330_0, 0, 32;
    %jmp T_13.19;
T_13.2 ;
    %delay 1, 0;
    %load/vec4 v000002ca09fbee70_0;
    %load/vec4 v000002ca09fbfe10_0;
    %or;
    %store/vec4 v000002ca09fbe330_0, 0, 32;
    %jmp T_13.19;
T_13.3 ;
    %delay 1, 0;
    %load/vec4 v000002ca09fbee70_0;
    %load/vec4 v000002ca09fbfe10_0;
    %xor;
    %store/vec4 v000002ca09fbe330_0, 0, 32;
    %jmp T_13.19;
T_13.4 ;
    %delay 1, 0;
    %load/vec4 v000002ca09fbee70_0;
    %load/vec4 v000002ca09fbfe10_0;
    %and;
    %store/vec4 v000002ca09fbe330_0, 0, 32;
    %jmp T_13.19;
T_13.5 ;
    %delay 2, 0;
    %load/vec4 v000002ca09fbee70_0;
    %ix/getv 4, v000002ca09fbfe10_0;
    %shiftr 4;
    %store/vec4 v000002ca09fbe330_0, 0, 32;
    %jmp T_13.19;
T_13.6 ;
    %delay 2, 0;
    %load/vec4 v000002ca09fbee70_0;
    %ix/getv 4, v000002ca09fbfe10_0;
    %shiftl 4;
    %store/vec4 v000002ca09fbe330_0, 0, 32;
    %jmp T_13.19;
T_13.7 ;
    %delay 2, 0;
    %load/vec4 v000002ca09fbee70_0;
    %ix/getv 4, v000002ca09fbfe10_0;
    %shiftr 4;
    %store/vec4 v000002ca09fbe330_0, 0, 32;
    %jmp T_13.19;
T_13.8 ;
    %delay 3, 0;
    %load/vec4 v000002ca09fbee70_0;
    %load/vec4 v000002ca09fbfe10_0;
    %mul;
    %store/vec4 v000002ca09fbe330_0, 0, 32;
    %jmp T_13.19;
T_13.9 ;
    %delay 3, 0;
    %load/vec4 v000002ca09fbfc30_0;
    %store/vec4 v000002ca09fbe330_0, 0, 32;
    %jmp T_13.19;
T_13.10 ;
    %delay 3, 0;
    %load/vec4 v000002ca09fbfaf0_0;
    %store/vec4 v000002ca09fbe330_0, 0, 32;
    %jmp T_13.19;
T_13.11 ;
    %delay 3, 0;
    %load/vec4 v000002ca09fbeab0_0;
    %store/vec4 v000002ca09fbe330_0, 0, 32;
    %jmp T_13.19;
T_13.12 ;
    %delay 3, 0;
    %load/vec4 v000002ca09fbee70_0;
    %load/vec4 v000002ca09fbfe10_0;
    %div/s;
    %store/vec4 v000002ca09fbe330_0, 0, 32;
    %jmp T_13.19;
T_13.13 ;
    %delay 3, 0;
    %load/vec4 v000002ca09fbee70_0;
    %load/vec4 v000002ca09fbfe10_0;
    %div;
    %store/vec4 v000002ca09fbe330_0, 0, 32;
    %jmp T_13.19;
T_13.14 ;
    %delay 4, 0;
    %load/vec4 v000002ca09fbee70_0;
    %load/vec4 v000002ca09fbfe10_0;
    %mod/s;
    %store/vec4 v000002ca09fbe330_0, 0, 32;
    %jmp T_13.19;
T_13.15 ;
    %delay 4, 0;
    %load/vec4 v000002ca09fbee70_0;
    %load/vec4 v000002ca09fbfe10_0;
    %mod;
    %store/vec4 v000002ca09fbe330_0, 0, 32;
    %jmp T_13.19;
T_13.16 ;
    %delay 2, 0;
    %load/vec4 v000002ca09fbee70_0;
    %load/vec4 v000002ca09fbfe10_0;
    %cmp/u;
    %flag_mov 8, 5;
    %jmp/0 T_13.20, 8;
    %pushi/vec4 1, 0, 32;
    %jmp/1 T_13.21, 8;
T_13.20 ; End of true expr.
    %pushi/vec4 0, 0, 32;
    %jmp/0 T_13.21, 8;
 ; End of false expr.
    %blend;
T_13.21;
    %store/vec4 v000002ca09fbe330_0, 0, 32;
    %jmp T_13.19;
T_13.17 ;
    %delay 1, 0;
    %load/vec4 v000002ca09fbfe10_0;
    %store/vec4 v000002ca09fbe330_0, 0, 32;
    %jmp T_13.19;
T_13.19 ;
    %pop/vec4 1;
    %jmp T_13;
    .thread T_13, $push;
    .scope S_000002ca09f517f0;
T_14 ;
    %wait E_000002ca09fa8e60;
    %load/vec4 v000002ca0a028800_0;
    %cmpi/e 0, 0, 1;
    %jmp/0xz  T_14.0, 4;
    %load/vec4 v000002ca0a027d60_0;
    %store/vec4 v000002ca0a027e00_0, 0, 32;
    %jmp T_14.1;
T_14.0 ;
    %load/vec4 v000002ca0a0290c0_0;
    %store/vec4 v000002ca0a027e00_0, 0, 32;
T_14.1 ;
    %jmp T_14;
    .thread T_14, $push;
    .scope S_000002ca09f46830;
T_15 ;
    %delay 2, 0;
    %pushi/vec4 0, 0, 1;
    %store/vec4 v000002ca09fbf5f0_0, 0, 1;
    %end;
    .thread T_15;
    .scope S_000002ca09f46830;
T_16 ;
    %wait E_000002ca09fa56e0;
    %load/vec4 v000002ca09fbf910_0;
    %cmpi/e 1, 0, 1;
    %jmp/0xz  T_16.0, 4;
    %delay 2, 0;
    %load/vec4 v000002ca09fbf4b0_0;
    %store/vec4 v000002ca09fbf690_0, 0, 32;
    %load/vec4 v000002ca0a01d4f0_0;
    %dup/vec4;
    %pushi/vec4 0, 0, 3;
    %cmp/u;
    %jmp/1 T_16.2, 6;
    %dup/vec4;
    %pushi/vec4 1, 0, 3;
    %cmp/u;
    %jmp/1 T_16.3, 6;
    %dup/vec4;
    %pushi/vec4 4, 0, 3;
    %cmp/u;
    %jmp/1 T_16.4, 6;
    %dup/vec4;
    %pushi/vec4 5, 0, 3;
    %cmp/u;
    %jmp/1 T_16.5, 6;
    %dup/vec4;
    %pushi/vec4 6, 0, 3;
    %cmp/u;
    %jmp/1 T_16.6, 6;
    %dup/vec4;
    %pushi/vec4 7, 0, 3;
    %cmp/u;
    %jmp/1 T_16.7, 6;
    %pushi/vec4 0, 0, 1;
    %store/vec4 v000002ca09fbf5f0_0, 0, 1;
    %jmp T_16.9;
T_16.2 ;
    %load/vec4 v000002ca09fb25e0_0;
    %load/vec4 v000002ca0a01c410_0;
    %cmp/e;
    %flag_mov 8, 4;
    %jmp/0 T_16.10, 8;
    %pushi/vec4 1, 0, 1;
    %jmp/1 T_16.11, 8;
T_16.10 ; End of true expr.
    %pushi/vec4 0, 0, 1;
    %jmp/0 T_16.11, 8;
 ; End of false expr.
    %blend;
T_16.11;
    %store/vec4 v000002ca09fbf5f0_0, 0, 1;
    %jmp T_16.9;
T_16.3 ;
    %load/vec4 v000002ca09fb25e0_0;
    %load/vec4 v000002ca0a01c410_0;
    %cmp/ne;
    %flag_mov 8, 4;
    %jmp/0 T_16.12, 8;
    %pushi/vec4 1, 0, 1;
    %jmp/1 T_16.13, 8;
T_16.12 ; End of true expr.
    %pushi/vec4 0, 0, 1;
    %jmp/0 T_16.13, 8;
 ; End of false expr.
    %blend;
T_16.13;
    %store/vec4 v000002ca09fbf5f0_0, 0, 1;
    %jmp T_16.9;
T_16.4 ;
    %load/vec4 v000002ca09fb25e0_0;
    %load/vec4 v000002ca0a01c410_0;
    %cmp/s;
    %flag_mov 8, 5;
    %jmp/0 T_16.14, 8;
    %pushi/vec4 1, 0, 1;
    %jmp/1 T_16.15, 8;
T_16.14 ; End of true expr.
    %pushi/vec4 0, 0, 1;
    %jmp/0 T_16.15, 8;
 ; End of false expr.
    %blend;
T_16.15;
    %store/vec4 v000002ca09fbf5f0_0, 0, 1;
    %jmp T_16.9;
T_16.5 ;
    %load/vec4 v000002ca0a01c410_0;
    %load/vec4 v000002ca09fb25e0_0;
    %cmp/s;
    %flag_or 5, 4;
    %flag_mov 8, 5;
    %jmp/0 T_16.16, 8;
    %pushi/vec4 1, 0, 1;
    %jmp/1 T_16.17, 8;
T_16.16 ; End of true expr.
    %pushi/vec4 0, 0, 1;
    %jmp/0 T_16.17, 8;
 ; End of false expr.
    %blend;
T_16.17;
    %store/vec4 v000002ca09fbf5f0_0, 0, 1;
    %jmp T_16.9;
T_16.6 ;
    %load/vec4 v000002ca09fb25e0_0;
    %load/vec4 v000002ca0a01c410_0;
    %cmp/u;
    %flag_mov 8, 5;
    %jmp/0 T_16.18, 8;
    %pushi/vec4 1, 0, 1;
    %jmp/1 T_16.19, 8;
T_16.18 ; End of true expr.
    %pushi/vec4 0, 0, 1;
    %jmp/0 T_16.19, 8;
 ; End of false expr.
    %blend;
T_16.19;
    %store/vec4 v000002ca09fbf5f0_0, 0, 1;
    %jmp T_16.9;
T_16.7 ;
    %load/vec4 v000002ca0a01c410_0;
    %load/vec4 v000002ca09fb25e0_0;
    %cmp/u;
    %flag_or 5, 4;
    %flag_mov 8, 5;
    %jmp/0 T_16.20, 8;
    %pushi/vec4 1, 0, 1;
    %jmp/1 T_16.21, 8;
T_16.20 ; End of true expr.
    %pushi/vec4 0, 0, 1;
    %jmp/0 T_16.21, 8;
 ; End of false expr.
    %blend;
T_16.21;
    %store/vec4 v000002ca09fbf5f0_0, 0, 1;
    %jmp T_16.9;
T_16.9 ;
    %pop/vec4 1;
    %jmp T_16.1;
T_16.0 ;
    %load/vec4 v000002ca09fbf550_0;
    %cmpi/e 1, 0, 1;
    %jmp/0xz  T_16.22, 4;
    %delay 1, 0;
    %load/vec4 v000002ca09fbf4b0_0;
    %store/vec4 v000002ca09fbf690_0, 0, 32;
    %pushi/vec4 1, 0, 1;
    %store/vec4 v000002ca09fbf5f0_0, 0, 1;
    %jmp T_16.23;
T_16.22 ;
    %delay 1, 0;
    %load/vec4 v000002ca09fbf4b0_0;
    %store/vec4 v000002ca09fbf690_0, 0, 32;
    %pushi/vec4 0, 0, 1;
    %store/vec4 v000002ca09fbf5f0_0, 0, 1;
T_16.23 ;
T_16.1 ;
    %jmp T_16;
    .thread T_16, $push;
    .scope S_000002ca09f0e210;
T_17 ;
    %wait E_000002ca09fa8c20;
    %load/vec4 v000002ca0a01b970_0;
    %flag_set/vec4 8;
    %jmp/0xz  T_17.0, 8;
    %delay 1, 0;
    %pushi/vec4 1, 1, 1;
    %assign/vec4 v000002ca0a01c4b0_0, 0;
    %pushi/vec4 1, 1, 1;
    %assign/vec4 v000002ca0a01b790_0, 0;
    %pushi/vec4 1, 1, 1;
    %assign/vec4 v000002ca0a01bf10_0, 0;
    %pushi/vec4 1, 1, 1;
    %assign/vec4 v000002ca0a01b830_0, 0;
    %pushi/vec4 4294967295, 4294967295, 32;
    %assign/vec4 v000002ca0a01caf0_0, 0;
    %pushi/vec4 31, 31, 5;
    %assign/vec4 v000002ca0a01d130_0, 0;
    %pushi/vec4 7, 7, 3;
    %assign/vec4 v000002ca0a01d090_0, 0;
    %pushi/vec4 4294967295, 4294967295, 32;
    %assign/vec4 v000002ca0a01c230_0, 0;
    %jmp T_17.1;
T_17.0 ;
    %delay 2, 0;
    %load/vec4 v000002ca0a01bc90_0;
    %assign/vec4 v000002ca0a01c4b0_0, 0;
    %load/vec4 v000002ca0a01c910_0;
    %assign/vec4 v000002ca0a01b790_0, 0;
    %load/vec4 v000002ca0a01d310_0;
    %assign/vec4 v000002ca0a01bf10_0, 0;
    %load/vec4 v000002ca0a01c7d0_0;
    %assign/vec4 v000002ca0a01b830_0, 0;
    %load/vec4 v000002ca0a01ce10_0;
    %assign/vec4 v000002ca0a01caf0_0, 0;
    %load/vec4 v000002ca0a01bab0_0;
    %assign/vec4 v000002ca0a01d130_0, 0;
    %load/vec4 v000002ca0a01bdd0_0;
    %assign/vec4 v000002ca0a01d090_0, 0;
    %load/vec4 v000002ca0a01cff0_0;
    %assign/vec4 v000002ca0a01c230_0, 0;
T_17.1 ;
    %jmp T_17;
    .thread T_17;
    .scope S_000002ca0a02be70;
T_18 ;
    %wait E_000002ca09faaca0;
    %load/vec4 v000002ca0a02a3b0_0;
    %flag_set/vec4 8;
    %jmp/1 T_18.2, 8;
    %load/vec4 v000002ca0a02b0d0_0;
    %flag_set/vec4 9;
    %flag_or 8, 9;
T_18.2;
    %jmp/0xz  T_18.0, 8;
    %pushi/vec4 1, 0, 1;
    %store/vec4 v000002ca0a029e10_0, 0, 1;
    %jmp T_18.1;
T_18.0 ;
    %pushi/vec4 0, 0, 1;
    %store/vec4 v000002ca0a029e10_0, 0, 1;
T_18.1 ;
    %jmp T_18;
    .thread T_18, $push;
    .scope S_000002ca0a02be70;
T_19 ;
    %wait E_000002ca09fa8c20;
    %load/vec4 v000002ca0a02a3b0_0;
    %flag_set/vec4 8;
    %jmp/0xz  T_19.0, 8;
    %ix/getv 4, v000002ca0a029870_0;
    %load/vec4a v000002ca0a02b030, 4;
    %load/vec4 v000002ca0a029870_0;
    %addi 1, 0, 32;
    %ix/vec4 4;
    %load/vec4a v000002ca0a02b030, 4;
    %concat/vec4; draw_concat_vec4
    %load/vec4 v000002ca0a029870_0;
    %addi 2, 0, 32;
    %ix/vec4 4;
    %load/vec4a v000002ca0a02b030, 4;
    %concat/vec4; draw_concat_vec4
    %load/vec4 v000002ca0a029870_0;
    %addi 3, 0, 32;
    %ix/vec4 4;
    %load/vec4a v000002ca0a02b030, 4;
    %concat/vec4; draw_concat_vec4
    %store/vec4 v000002ca0a02a4f0_0, 0, 32;
    %pushi/vec4 1, 0, 64;
    %ix/vec4 4;
    %delayx 4;
    %load/vec4 v000002ca0a02a4f0_0;
    %store/vec4 v000002ca0a029910_0, 0, 32;
T_19.0 ;
    %load/vec4 v000002ca0a02b0d0_0;
    %flag_set/vec4 8;
    %jmp/0xz  T_19.2, 8;
    %load/vec4 v000002ca0a02adb0_0;
    %dup/vec4;
    %pushi/vec4 0, 0, 3;
    %cmp/u;
    %jmp/1 T_19.4, 6;
    %dup/vec4;
    %pushi/vec4 1, 0, 3;
    %cmp/u;
    %jmp/1 T_19.5, 6;
    %dup/vec4;
    %pushi/vec4 2, 0, 3;
    %cmp/u;
    %jmp/1 T_19.6, 6;
    %jmp T_19.7;
T_19.4 ;
    %delay 2, 0;
    %load/vec4 v000002ca0a02a130_0;
    %parti/s 8, 0, 2;
    %ix/getv 3, v000002ca0a029870_0;
    %ix/load 4, 0, 0; Constant delay
    %assign/vec4/a/d v000002ca0a02b030, 0, 4;
    %jmp T_19.7;
T_19.5 ;
    %delay 2, 0;
    %load/vec4 v000002ca0a02a130_0;
    %parti/s 8, 0, 2;
    %ix/getv 3, v000002ca0a029870_0;
    %ix/load 4, 0, 0; Constant delay
    %assign/vec4/a/d v000002ca0a02b030, 0, 4;
    %load/vec4 v000002ca0a02a130_0;
    %parti/s 8, 8, 5;
    %load/vec4 v000002ca0a029870_0;
    %addi 1, 0, 32;
    %ix/vec4 3;
    %ix/load 4, 0, 0; Constant delay
    %assign/vec4/a/d v000002ca0a02b030, 0, 4;
    %jmp T_19.7;
T_19.6 ;
    %delay 2, 0;
    %load/vec4 v000002ca0a02a130_0;
    %parti/s 8, 0, 2;
    %ix/getv 3, v000002ca0a029870_0;
    %ix/load 4, 0, 0; Constant delay
    %assign/vec4/a/d v000002ca0a02b030, 0, 4;
    %load/vec4 v000002ca0a02a130_0;
    %parti/s 8, 8, 5;
    %load/vec4 v000002ca0a029870_0;
    %addi 1, 0, 32;
    %ix/vec4 3;
    %ix/load 4, 0, 0; Constant delay
    %assign/vec4/a/d v000002ca0a02b030, 0, 4;
    %load/vec4 v000002ca0a02a130_0;
    %parti/s 8, 16, 6;
    %load/vec4 v000002ca0a029870_0;
    %addi 2, 0, 32;
    %ix/vec4 3;
    %ix/load 4, 0, 0; Constant delay
    %assign/vec4/a/d v000002ca0a02b030, 0, 4;
    %load/vec4 v000002ca0a02a130_0;
    %parti/s 8, 24, 6;
    %load/vec4 v000002ca0a029870_0;
    %addi 3, 0, 32;
    %ix/vec4 3;
    %ix/load 4, 0, 0; Constant delay
    %assign/vec4/a/d v000002ca0a02b030, 0, 4;
    %jmp T_19.7;
T_19.7 ;
    %pop/vec4 1;
T_19.2 ;
    %jmp T_19;
    .thread T_19;
    .scope S_000002ca0a02be70;
T_20 ;
    %wait E_000002ca09faaba0;
    %load/vec4 v000002ca0a02a090_0;
    %flag_set/vec4 8;
    %jmp/0xz  T_20.0, 8;
    %pushi/vec4 0, 0, 32;
    %store/vec4 v000002ca0a0299b0_0, 0, 32;
T_20.2 ;
    %load/vec4 v000002ca0a0299b0_0;
    %cmpi/s 1024, 0, 32;
    %jmp/0xz T_20.3, 5;
    %pushi/vec4 0, 0, 8;
    %ix/getv/s 3, v000002ca0a0299b0_0;
    %ix/load 4, 0, 0; Constant delay
    %assign/vec4/a/d v000002ca0a02b030, 0, 4;
    %load/vec4 v000002ca0a0299b0_0;
    %addi 1, 0, 32;
    %store/vec4 v000002ca0a0299b0_0, 0, 32;
    %jmp T_20.2;
T_20.3 ;
T_20.0 ;
    %jmp T_20;
    .thread T_20;
    .scope S_000002ca09f51980;
T_21 ;
    %wait E_000002ca09fa8c20;
    %load/vec4 v000002ca0a028580_0;
    %pad/u 32;
    %cmpi/e 1, 0, 32;
    %jmp/0xz  T_21.0, 4;
    %delay 1, 0;
    %pushi/vec4 1, 1, 1;
    %assign/vec4 v000002ca0a0288a0_0, 0;
    %pushi/vec4 1, 1, 1;
    %assign/vec4 v000002ca0a028440_0, 0;
    %pushi/vec4 4294967295, 4294967295, 32;
    %assign/vec4 v000002ca0a0289e0_0, 0;
    %pushi/vec4 4294967295, 4294967295, 32;
    %assign/vec4 v000002ca0a027fe0_0, 0;
    %pushi/vec4 31, 31, 5;
    %assign/vec4 v000002ca0a028760_0, 0;
    %jmp T_21.1;
T_21.0 ;
    %delay 2, 0;
    %load/vec4 v000002ca0a028940_0;
    %assign/vec4 v000002ca0a0288a0_0, 0;
    %load/vec4 v000002ca0a0283a0_0;
    %assign/vec4 v000002ca0a028440_0, 0;
    %load/vec4 v000002ca0a0281c0_0;
    %assign/vec4 v000002ca0a0289e0_0, 0;
    %load/vec4 v000002ca0a029160_0;
    %assign/vec4 v000002ca0a027fe0_0, 0;
    %load/vec4 v000002ca0a028620_0;
    %assign/vec4 v000002ca0a028760_0, 0;
T_21.1 ;
    %jmp T_21;
    .thread T_21;
    .scope S_000002ca09f5d1e0;
T_22 ;
    %wait E_000002ca09fa82a0;
    %load/vec4 v000002ca0a02aef0_0;
    %cmpi/e 0, 0, 1;
    %jmp/0xz  T_22.0, 4;
    %load/vec4 v000002ca0a029eb0_0;
    %store/vec4 v000002ca0a02b170_0, 0, 32;
    %jmp T_22.1;
T_22.0 ;
    %load/vec4 v000002ca0a029730_0;
    %store/vec4 v000002ca0a02b170_0, 0, 32;
T_22.1 ;
    %jmp T_22;
    .thread T_22, $push;
    .scope S_000002ca09f3cc00;
T_23 ;
    %pushi/vec4 0, 0, 1;
    %store/vec4 v000002ca0a034040_0, 0, 1;
T_23.0 ;
    %delay 4, 0;
    %load/vec4 v000002ca0a034040_0;
    %inv;
    %store/vec4 v000002ca0a034040_0, 0, 1;
    %jmp T_23.0;
    %end;
    .thread T_23;
    .scope S_000002ca09f3cc00;
T_24 ;
    %pushi/vec4 1, 0, 1;
    %store/vec4 v000002ca0a034400_0, 0, 1;
    %delay 5, 0;
    %pushi/vec4 0, 0, 1;
    %store/vec4 v000002ca0a034400_0, 0, 1;
    %delay 1000, 0;
    %vpi_call 2 29 "$finish" {0 0 0};
    %end;
    .thread T_24;
    .scope S_000002ca09f3cc00;
T_25 ;
    %vpi_call 2 34 "$dumpfile", "cpu_pipeline.vcd" {0 0 0};
    %vpi_call 2 35 "$dumpvars", 32'sb00000000000000000000000000000000, S_000002ca09f3cc00 {0 0 0};
    %fork t_1, S_000002ca09fcf160;
    %jmp t_0;
    .scope S_000002ca09fcf160;
t_1 ;
    %pushi/vec4 0, 0, 32;
    %store/vec4 v000002ca09fbe8d0_0, 0, 32;
T_25.0 ;
    %load/vec4 v000002ca09fbe8d0_0;
    %cmpi/s 32, 0, 32;
    %jmp/0xz T_25.1, 5;
    %vpi_call 2 37 "$dumpvars", 32'sb00000000000000000000000000000000, &A<v000002ca0a031ca0, v000002ca09fbe8d0_0 > {0 0 0};
    %load/vec4 v000002ca09fbe8d0_0;
    %addi 1, 0, 32;
    %store/vec4 v000002ca09fbe8d0_0, 0, 32;
    %jmp T_25.0;
T_25.1 ;
    %end;
    .scope S_000002ca09f3cc00;
t_0 %join;
    %fork t_3, S_000002ca09f4cf50;
    %jmp t_2;
    .scope S_000002ca09f4cf50;
t_3 ;
    %pushi/vec4 0, 0, 32;
    %store/vec4 v000002ca09fbe470_0, 0, 32;
T_25.2 ;
    %load/vec4 v000002ca09fbe470_0;
    %cmpi/s 20, 0, 32;
    %jmp/0xz T_25.3, 5;
    %vpi_call 2 40 "$dumpvars", 32'sb00000000000000000000000000000000, &A<v000002ca0a02b030, v000002ca09fbe470_0 > {0 0 0};
    %load/vec4 v000002ca09fbe470_0;
    %addi 1, 0, 32;
    %store/vec4 v000002ca09fbe470_0, 0, 32;
    %jmp T_25.2;
T_25.3 ;
    %end;
    .scope S_000002ca09f3cc00;
t_2 %join;
    %end;
    .thread T_25;
# The file index is used to find the file name in the following table.
:file_names 20;
    "N/A";
    "<interactive>";
    "CPU_tb.v";
    "./CPU.v";
    "./../ALUunit/ALU.v";
    "./../BranchController/BranchController.v";
    "./../MUX_32bit/MUX_32bit_3input.v";
    "./../EX_MEM_pipeline/EX_MEM_pipeline.v";
    "./../Forwarding.v";
    "./../ID_EXPipeline/ID_ExPipeline.v";
    "./../ID_IF_pipeline/ID_IF_register.v";
    "./../MUX_32bit/MUX_32bit.v";
    "./../MEM_WBPipline/Mem_WBPipeline.v";
    "./../ControlUnit/ControlUnit.v";
    "./../Data Memory/datamem.v";
    "./../ImidiateGenarator/imidiateGenarator.v";
    "./../InstructionMemory/instructionmem.v";
    "./../programCounter/pc.v";
    "./../Adder/adder.v";
    "./../RegisterFile/registerfile.v";
